[1.281s] DEBUG:colcon:Command line arguments: ['/usr/bin/colcon', 'build']
[1.281s] DEBUG:colcon:Parsed command line arguments: Namespace(log_base=None, log_level=None, verb_name='build', build_base='build', install_base='install', merge_install=False, symlink_install=False, test_result_base=None, continue_on_error=False, executor='parallel', parallel_workers=4, event_handlers=None, ignore_user_meta=False, metas=['./colcon.meta'], base_paths=['.'], packages_ignore=None, packages_ignore_regex=None, paths=None, packages_up_to=None, packages_up_to_regex=None, packages_above=None, packages_above_and_dependencies=None, packages_above_depth=None, packages_select_by_dep=None, packages_skip_by_dep=None, packages_skip_up_to=None, packages_select_build_failed=False, packages_skip_build_finished=False, packages_select_test_failures=False, packages_skip_test_passed=False, packages_select=None, packages_skip=None, packages_select_regex=None, packages_skip_regex=None, packages_start=None, packages_end=None, allow_overriding=[], cmake_args=None, cmake_target=None, cmake_target_skip_unavailable=False, cmake_clean_cache=False, cmake_clean_first=False, cmake_force_configure=False, ament_cmake_args=None, catkin_cmake_args=None, catkin_skip_building_tests=False, mixin_files=None, mixin=None, verb_parser=<colcon_mixin.mixin.mixin_argument.MixinArgumentDecorator object at 0x727c39342b00>, verb_extension=<colcon_core.verb.build.BuildVerb object at 0x727c394fc190>, main=<bound method BuildVerb.main of <colcon_core.verb.build.BuildVerb object at 0x727c394fc190>>, mixin_verb=('build',))
[1.889s] Level 1:colcon.colcon_core.package_discovery:discover_packages(colcon_meta) check parameters
[1.889s] Level 1:colcon.colcon_core.package_discovery:discover_packages(recursive) check parameters
[1.889s] Level 1:colcon.colcon_core.package_discovery:discover_packages(ignore) check parameters
[1.889s] Level 1:colcon.colcon_core.package_discovery:discover_packages(path) check parameters
[1.889s] Level 1:colcon.colcon_core.package_discovery:discover_packages(colcon_meta) discover
[1.889s] Level 1:colcon.colcon_core.package_discovery:discover_packages(recursive) discover
[1.889s] INFO:colcon.colcon_core.package_discovery:Crawling recursively for packages in '/home/anthonyubuntu/Desktop/inmind/session7/Anthony-Moundalak-ROS2-Assignment-Turtlebot3-Session7/ros2_ws'
[1.889s] Level 1:colcon.colcon_core.package_identification:_identify(.) by extensions ['ignore', 'ignore_ament_install']
[1.889s] Level 1:colcon.colcon_core.package_identification:_identify(.) by extension 'ignore'
[1.889s] Level 1:colcon.colcon_core.package_identification:_identify(.) by extension 'ignore_ament_install'
[1.889s] Level 1:colcon.colcon_core.package_identification:_identify(.) by extensions ['colcon_pkg']
[1.890s] Level 1:colcon.colcon_core.package_identification:_identify(.) by extension 'colcon_pkg'
[1.890s] Level 1:colcon.colcon_core.package_identification:_identify(.) by extensions ['colcon_meta']
[1.890s] Level 1:colcon.colcon_core.package_identification:_identify(.) by extension 'colcon_meta'
[1.890s] Level 1:colcon.colcon_core.package_identification:_identify(.) by extensions ['ros']
[1.890s] Level 1:colcon.colcon_core.package_identification:_identify(.) by extension 'ros'
[1.907s] Level 1:colcon.colcon_core.package_identification:_identify(.) by extensions ['cmake', 'python']
[1.907s] Level 1:colcon.colcon_core.package_identification:_identify(.) by extension 'cmake'
[1.907s] Level 1:colcon.colcon_core.package_identification:_identify(.) by extension 'python'
[1.907s] Level 1:colcon.colcon_core.package_identification:_identify(.) by extensions ['python_setup_py']
[1.907s] Level 1:colcon.colcon_core.package_identification:_identify(.) by extension 'python_setup_py'
[1.907s] Level 1:colcon.colcon_core.package_identification:_identify(build) by extensions ['ignore', 'ignore_ament_install']
[1.907s] Level 1:colcon.colcon_core.package_identification:_identify(build) by extension 'ignore'
[1.907s] Level 1:colcon.colcon_core.package_identification:_identify(build) ignored
[1.908s] Level 1:colcon.colcon_core.package_identification:_identify(install) by extensions ['ignore', 'ignore_ament_install']
[1.908s] Level 1:colcon.colcon_core.package_identification:_identify(install) by extension 'ignore'
[1.908s] Level 1:colcon.colcon_core.package_identification:_identify(install) ignored
[1.908s] Level 1:colcon.colcon_core.package_identification:_identify(log) by extensions ['ignore', 'ignore_ament_install']
[1.908s] Level 1:colcon.colcon_core.package_identification:_identify(log) by extension 'ignore'
[1.908s] Level 1:colcon.colcon_core.package_identification:_identify(log) ignored
[1.908s] Level 1:colcon.colcon_core.package_identification:_identify(src) by extensions ['ignore', 'ignore_ament_install']
[1.908s] Level 1:colcon.colcon_core.package_identification:_identify(src) by extension 'ignore'
[1.908s] Level 1:colcon.colcon_core.package_identification:_identify(src) by extension 'ignore_ament_install'
[1.908s] Level 1:colcon.colcon_core.package_identification:_identify(src) by extensions ['colcon_pkg']
[1.908s] Level 1:colcon.colcon_core.package_identification:_identify(src) by extension 'colcon_pkg'
[1.908s] Level 1:colcon.colcon_core.package_identification:_identify(src) by extensions ['colcon_meta']
[1.908s] Level 1:colcon.colcon_core.package_identification:_identify(src) by extension 'colcon_meta'
[1.908s] Level 1:colcon.colcon_core.package_identification:_identify(src) by extensions ['ros']
[1.908s] Level 1:colcon.colcon_core.package_identification:_identify(src) by extension 'ros'
[1.909s] Level 1:colcon.colcon_core.package_identification:_identify(src) by extensions ['cmake', 'python']
[1.909s] Level 1:colcon.colcon_core.package_identification:_identify(src) by extension 'cmake'
[1.909s] Level 1:colcon.colcon_core.package_identification:_identify(src) by extension 'python'
[1.909s] Level 1:colcon.colcon_core.package_identification:_identify(src) by extensions ['python_setup_py']
[1.909s] Level 1:colcon.colcon_core.package_identification:_identify(src) by extension 'python_setup_py'
[1.909s] Level 1:colcon.colcon_core.package_identification:_identify(src/my_interface) by extensions ['ignore', 'ignore_ament_install']
[1.909s] Level 1:colcon.colcon_core.package_identification:_identify(src/my_interface) by extension 'ignore'
[1.909s] Level 1:colcon.colcon_core.package_identification:_identify(src/my_interface) by extension 'ignore_ament_install'
[1.909s] Level 1:colcon.colcon_core.package_identification:_identify(src/my_interface) by extensions ['colcon_pkg']
[1.909s] Level 1:colcon.colcon_core.package_identification:_identify(src/my_interface) by extension 'colcon_pkg'
[1.909s] Level 1:colcon.colcon_core.package_identification:_identify(src/my_interface) by extensions ['colcon_meta']
[1.909s] Level 1:colcon.colcon_core.package_identification:_identify(src/my_interface) by extension 'colcon_meta'
[1.909s] Level 1:colcon.colcon_core.package_identification:_identify(src/my_interface) by extensions ['ros']
[1.909s] Level 1:colcon.colcon_core.package_identification:_identify(src/my_interface) by extension 'ros'
[1.914s] DEBUG:colcon.colcon_core.package_identification:Package 'src/my_interface' with type 'ros.ament_cmake' and name 'my_interface'
[1.914s] Level 1:colcon.colcon_core.package_identification:_identify(src/turtlebot_navigation) by extensions ['ignore', 'ignore_ament_install']
[1.914s] Level 1:colcon.colcon_core.package_identification:_identify(src/turtlebot_navigation) by extension 'ignore'
[1.914s] Level 1:colcon.colcon_core.package_identification:_identify(src/turtlebot_navigation) by extension 'ignore_ament_install'
[1.914s] Level 1:colcon.colcon_core.package_identification:_identify(src/turtlebot_navigation) by extensions ['colcon_pkg']
[1.914s] Level 1:colcon.colcon_core.package_identification:_identify(src/turtlebot_navigation) by extension 'colcon_pkg'
[1.914s] Level 1:colcon.colcon_core.package_identification:_identify(src/turtlebot_navigation) by extensions ['colcon_meta']
[1.914s] Level 1:colcon.colcon_core.package_identification:_identify(src/turtlebot_navigation) by extension 'colcon_meta'
[1.914s] Level 1:colcon.colcon_core.package_identification:_identify(src/turtlebot_navigation) by extensions ['ros']
[1.914s] Level 1:colcon.colcon_core.package_identification:_identify(src/turtlebot_navigation) by extension 'ros'
[1.915s] DEBUG:colcon.colcon_core.package_identification:Package 'src/turtlebot_navigation' with type 'ros.ament_python' and name 'turtlebot_navigation'
[1.915s] Level 1:colcon.colcon_core.package_discovery:discover_packages(recursive) using defaults
[1.915s] Level 1:colcon.colcon_core.package_discovery:discover_packages(ignore) discover
[1.915s] Level 1:colcon.colcon_core.package_discovery:discover_packages(ignore) using defaults
[1.915s] Level 1:colcon.colcon_core.package_discovery:discover_packages(path) discover
[1.915s] Level 1:colcon.colcon_core.package_discovery:discover_packages(path) using defaults
[1.949s] Level 1:colcon.colcon_core.package_discovery:discover_packages(prefix_path) check parameters
[1.949s] Level 1:colcon.colcon_core.package_discovery:discover_packages(prefix_path) discover
[1.952s] DEBUG:colcon.colcon_installed_package_information.package_discovery:Found 385 installed packages in /opt/ros/humble
[1.967s] Level 1:colcon.colcon_core.package_discovery:discover_packages(prefix_path) using defaults
[2.018s] Level 5:colcon.colcon_core.verb:set package 'my_interface' build argument 'cmake_args' from command line to 'None'
[2.018s] Level 5:colcon.colcon_core.verb:set package 'my_interface' build argument 'cmake_target' from command line to 'None'
[2.018s] Level 5:colcon.colcon_core.verb:set package 'my_interface' build argument 'cmake_target_skip_unavailable' from command line to 'False'
[2.018s] Level 5:colcon.colcon_core.verb:set package 'my_interface' build argument 'cmake_clean_cache' from command line to 'False'
[2.019s] Level 5:colcon.colcon_core.verb:set package 'my_interface' build argument 'cmake_clean_first' from command line to 'False'
[2.019s] Level 5:colcon.colcon_core.verb:set package 'my_interface' build argument 'cmake_force_configure' from command line to 'False'
[2.019s] Level 5:colcon.colcon_core.verb:set package 'my_interface' build argument 'ament_cmake_args' from command line to 'None'
[2.019s] Level 5:colcon.colcon_core.verb:set package 'my_interface' build argument 'catkin_cmake_args' from command line to 'None'
[2.019s] Level 5:colcon.colcon_core.verb:set package 'my_interface' build argument 'catkin_skip_building_tests' from command line to 'False'
[2.019s] DEBUG:colcon.colcon_core.verb:Building package 'my_interface' with the following arguments: {'ament_cmake_args': None, 'build_base': '/home/anthonyubuntu/Desktop/inmind/session7/Anthony-Moundalak-ROS2-Assignment-Turtlebot3-Session7/ros2_ws/build/my_interface', 'catkin_cmake_args': None, 'catkin_skip_building_tests': False, 'cmake_args': None, 'cmake_clean_cache': False, 'cmake_clean_first': False, 'cmake_force_configure': False, 'cmake_target': None, 'cmake_target_skip_unavailable': False, 'install_base': '/home/anthonyubuntu/Desktop/inmind/session7/Anthony-Moundalak-ROS2-Assignment-Turtlebot3-Session7/ros2_ws/install/my_interface', 'merge_install': False, 'path': '/home/anthonyubuntu/Desktop/inmind/session7/Anthony-Moundalak-ROS2-Assignment-Turtlebot3-Session7/ros2_ws/src/my_interface', 'symlink_install': False, 'test_result_base': None}
[2.019s] Level 5:colcon.colcon_core.verb:set package 'turtlebot_navigation' build argument 'cmake_args' from command line to 'None'
[2.019s] Level 5:colcon.colcon_core.verb:set package 'turtlebot_navigation' build argument 'cmake_target' from command line to 'None'
[2.019s] Level 5:colcon.colcon_core.verb:set package 'turtlebot_navigation' build argument 'cmake_target_skip_unavailable' from command line to 'False'
[2.019s] Level 5:colcon.colcon_core.verb:set package 'turtlebot_navigation' build argument 'cmake_clean_cache' from command line to 'False'
[2.019s] Level 5:colcon.colcon_core.verb:set package 'turtlebot_navigation' build argument 'cmake_clean_first' from command line to 'False'
[2.019s] Level 5:colcon.colcon_core.verb:set package 'turtlebot_navigation' build argument 'cmake_force_configure' from command line to 'False'
[2.019s] Level 5:colcon.colcon_core.verb:set package 'turtlebot_navigation' build argument 'ament_cmake_args' from command line to 'None'
[2.019s] Level 5:colcon.colcon_core.verb:set package 'turtlebot_navigation' build argument 'catkin_cmake_args' from command line to 'None'
[2.019s] Level 5:colcon.colcon_core.verb:set package 'turtlebot_navigation' build argument 'catkin_skip_building_tests' from command line to 'False'
[2.019s] DEBUG:colcon.colcon_core.verb:Building package 'turtlebot_navigation' with the following arguments: {'ament_cmake_args': None, 'build_base': '/home/anthonyubuntu/Desktop/inmind/session7/Anthony-Moundalak-ROS2-Assignment-Turtlebot3-Session7/ros2_ws/build/turtlebot_navigation', 'catkin_cmake_args': None, 'catkin_skip_building_tests': False, 'cmake_args': None, 'cmake_clean_cache': False, 'cmake_clean_first': False, 'cmake_force_configure': False, 'cmake_target': None, 'cmake_target_skip_unavailable': False, 'install_base': '/home/anthonyubuntu/Desktop/inmind/session7/Anthony-Moundalak-ROS2-Assignment-Turtlebot3-Session7/ros2_ws/install/turtlebot_navigation', 'merge_install': False, 'path': '/home/anthonyubuntu/Desktop/inmind/session7/Anthony-Moundalak-ROS2-Assignment-Turtlebot3-Session7/ros2_ws/src/turtlebot_navigation', 'symlink_install': False, 'test_result_base': None}
[2.020s] INFO:colcon.colcon_core.executor:Executing jobs using 'parallel' executor
[2.021s] DEBUG:colcon.colcon_parallel_executor.executor.parallel:run_until_complete
[2.021s] INFO:colcon.colcon_ros.task.ament_cmake.build:Building ROS package in '/home/anthonyubuntu/Desktop/inmind/session7/Anthony-Moundalak-ROS2-Assignment-Turtlebot3-Session7/ros2_ws/src/my_interface' with build type 'ament_cmake'
[2.021s] INFO:colcon.colcon_cmake.task.cmake.build:Building CMake package in '/home/anthonyubuntu/Desktop/inmind/session7/Anthony-Moundalak-ROS2-Assignment-Turtlebot3-Session7/ros2_ws/src/my_interface'
[2.024s] INFO:colcon.colcon_core.plugin_system:Skipping extension 'colcon_core.shell.bat': Not used on non-Windows systems
[2.024s] INFO:colcon.colcon_core.shell:Skip shell extension 'powershell' for command environment: Not usable outside of PowerShell
[2.024s] DEBUG:colcon.colcon_core.shell:Skip shell extension 'dsv' for command environment
[2.051s] DEBUG:colcon.colcon_core.event_handler.log_command:Invoking command in '/home/anthonyubuntu/Desktop/inmind/session7/Anthony-Moundalak-ROS2-Assignment-Turtlebot3-Session7/ros2_ws/build/my_interface': CMAKE_PREFIX_PATH=/opt/ros/humble /usr/bin/cmake /home/anthonyubuntu/Desktop/inmind/session7/Anthony-Moundalak-ROS2-Assignment-Turtlebot3-Session7/ros2_ws/src/my_interface -DCMAKE_INSTALL_PREFIX=/home/anthonyubuntu/Desktop/inmind/session7/Anthony-Moundalak-ROS2-Assignment-Turtlebot3-Session7/ros2_ws/install/my_interface
[4.519s] DEBUG:colcon.colcon_core.event_handler.log_command:Invoked command in '/home/anthonyubuntu/Desktop/inmind/session7/Anthony-Moundalak-ROS2-Assignment-Turtlebot3-Session7/ros2_ws/build/my_interface' returned '0': CMAKE_PREFIX_PATH=/opt/ros/humble /usr/bin/cmake /home/anthonyubuntu/Desktop/inmind/session7/Anthony-Moundalak-ROS2-Assignment-Turtlebot3-Session7/ros2_ws/src/my_interface -DCMAKE_INSTALL_PREFIX=/home/anthonyubuntu/Desktop/inmind/session7/Anthony-Moundalak-ROS2-Assignment-Turtlebot3-Session7/ros2_ws/install/my_interface
[4.522s] DEBUG:colcon.colcon_core.event_handler.log_command:Invoking command in '/home/anthonyubuntu/Desktop/inmind/session7/Anthony-Moundalak-ROS2-Assignment-Turtlebot3-Session7/ros2_ws/build/my_interface': CMAKE_PREFIX_PATH=/opt/ros/humble /usr/bin/cmake --build /home/anthonyubuntu/Desktop/inmind/session7/Anthony-Moundalak-ROS2-Assignment-Turtlebot3-Session7/ros2_ws/build/my_interface -- -j4 -l4
[10.887s] DEBUG:colcon.colcon_core.event_handler.log_command:Invoked command in '/home/anthonyubuntu/Desktop/inmind/session7/Anthony-Moundalak-ROS2-Assignment-Turtlebot3-Session7/ros2_ws/build/my_interface' returned '0': CMAKE_PREFIX_PATH=/opt/ros/humble /usr/bin/cmake --build /home/anthonyubuntu/Desktop/inmind/session7/Anthony-Moundalak-ROS2-Assignment-Turtlebot3-Session7/ros2_ws/build/my_interface -- -j4 -l4
[10.995s] DEBUG:colcon.colcon_core.event_handler.log_command:Invoking command in '/home/anthonyubuntu/Desktop/inmind/session7/Anthony-Moundalak-ROS2-Assignment-Turtlebot3-Session7/ros2_ws/build/my_interface': CMAKE_PREFIX_PATH=/opt/ros/humble /usr/bin/cmake --install /home/anthonyubuntu/Desktop/inmind/session7/Anthony-Moundalak-ROS2-Assignment-Turtlebot3-Session7/ros2_ws/build/my_interface
[11.085s] Level 1:colcon.colcon_core.environment:create_environment_scripts_only(my_interface)
[11.085s] DEBUG:colcon.colcon_core.event_handler.log_command:Invoked command in '/home/anthonyubuntu/Desktop/inmind/session7/Anthony-Moundalak-ROS2-Assignment-Turtlebot3-Session7/ros2_ws/build/my_interface' returned '0': CMAKE_PREFIX_PATH=/opt/ros/humble /usr/bin/cmake --install /home/anthonyubuntu/Desktop/inmind/session7/Anthony-Moundalak-ROS2-Assignment-Turtlebot3-Session7/ros2_ws/build/my_interface
[11.088s] Level 1:colcon.colcon_core.environment:checking '/home/anthonyubuntu/Desktop/inmind/session7/Anthony-Moundalak-ROS2-Assignment-Turtlebot3-Session7/ros2_ws/install/my_interface' for CMake module files
[11.089s] Level 1:colcon.colcon_core.environment:checking '/home/anthonyubuntu/Desktop/inmind/session7/Anthony-Moundalak-ROS2-Assignment-Turtlebot3-Session7/ros2_ws/install/my_interface' for CMake config files
[11.090s] Level 1:colcon.colcon_core.shell:create_environment_hook('my_interface', 'cmake_prefix_path')
[11.090s] INFO:colcon.colcon_core.shell:Creating environment hook '/home/anthonyubuntu/Desktop/inmind/session7/Anthony-Moundalak-ROS2-Assignment-Turtlebot3-Session7/ros2_ws/install/my_interface/share/my_interface/hook/cmake_prefix_path.ps1'
[11.091s] INFO:colcon.colcon_core.shell:Creating environment descriptor '/home/anthonyubuntu/Desktop/inmind/session7/Anthony-Moundalak-ROS2-Assignment-Turtlebot3-Session7/ros2_ws/install/my_interface/share/my_interface/hook/cmake_prefix_path.dsv'
[11.108s] INFO:colcon.colcon_core.shell:Creating environment hook '/home/anthonyubuntu/Desktop/inmind/session7/Anthony-Moundalak-ROS2-Assignment-Turtlebot3-Session7/ros2_ws/install/my_interface/share/my_interface/hook/cmake_prefix_path.sh'
[11.110s] Level 1:colcon.colcon_core.environment:checking '/home/anthonyubuntu/Desktop/inmind/session7/Anthony-Moundalak-ROS2-Assignment-Turtlebot3-Session7/ros2_ws/install/my_interface/lib'
[11.110s] Level 1:colcon.colcon_core.shell:create_environment_hook('my_interface', 'ld_library_path_lib')
[11.111s] INFO:colcon.colcon_core.shell:Creating environment hook '/home/anthonyubuntu/Desktop/inmind/session7/Anthony-Moundalak-ROS2-Assignment-Turtlebot3-Session7/ros2_ws/install/my_interface/share/my_interface/hook/ld_library_path_lib.ps1'
[11.111s] INFO:colcon.colcon_core.shell:Creating environment descriptor '/home/anthonyubuntu/Desktop/inmind/session7/Anthony-Moundalak-ROS2-Assignment-Turtlebot3-Session7/ros2_ws/install/my_interface/share/my_interface/hook/ld_library_path_lib.dsv'
[11.112s] INFO:colcon.colcon_core.shell:Creating environment hook '/home/anthonyubuntu/Desktop/inmind/session7/Anthony-Moundalak-ROS2-Assignment-Turtlebot3-Session7/ros2_ws/install/my_interface/share/my_interface/hook/ld_library_path_lib.sh'
[11.112s] Level 1:colcon.colcon_core.environment:checking '/home/anthonyubuntu/Desktop/inmind/session7/Anthony-Moundalak-ROS2-Assignment-Turtlebot3-Session7/ros2_ws/install/my_interface/bin'
[11.112s] Level 1:colcon.colcon_core.environment:checking '/home/anthonyubuntu/Desktop/inmind/session7/Anthony-Moundalak-ROS2-Assignment-Turtlebot3-Session7/ros2_ws/install/my_interface/lib/pkgconfig/my_interface.pc'
[11.112s] Level 1:colcon.colcon_core.environment:checking '/home/anthonyubuntu/Desktop/inmind/session7/Anthony-Moundalak-ROS2-Assignment-Turtlebot3-Session7/ros2_ws/install/my_interface/lib/python3.10/site-packages'
[11.112s] Level 1:colcon.colcon_core.environment:checking '/home/anthonyubuntu/Desktop/inmind/session7/Anthony-Moundalak-ROS2-Assignment-Turtlebot3-Session7/ros2_ws/install/my_interface/bin'
[11.113s] INFO:colcon.colcon_core.shell:Creating package script '/home/anthonyubuntu/Desktop/inmind/session7/Anthony-Moundalak-ROS2-Assignment-Turtlebot3-Session7/ros2_ws/install/my_interface/share/my_interface/package.ps1'
[11.114s] INFO:colcon.colcon_core.shell:Creating package descriptor '/home/anthonyubuntu/Desktop/inmind/session7/Anthony-Moundalak-ROS2-Assignment-Turtlebot3-Session7/ros2_ws/install/my_interface/share/my_interface/package.dsv'
[11.114s] INFO:colcon.colcon_core.shell:Creating package script '/home/anthonyubuntu/Desktop/inmind/session7/Anthony-Moundalak-ROS2-Assignment-Turtlebot3-Session7/ros2_ws/install/my_interface/share/my_interface/package.sh'
[11.115s] INFO:colcon.colcon_core.shell:Creating package script '/home/anthonyubuntu/Desktop/inmind/session7/Anthony-Moundalak-ROS2-Assignment-Turtlebot3-Session7/ros2_ws/install/my_interface/share/my_interface/package.bash'
[11.116s] INFO:colcon.colcon_core.shell:Creating package script '/home/anthonyubuntu/Desktop/inmind/session7/Anthony-Moundalak-ROS2-Assignment-Turtlebot3-Session7/ros2_ws/install/my_interface/share/my_interface/package.zsh'
[11.117s] Level 1:colcon.colcon_core.environment:create_file_with_runtime_dependencies(/home/anthonyubuntu/Desktop/inmind/session7/Anthony-Moundalak-ROS2-Assignment-Turtlebot3-Session7/ros2_ws/install/my_interface/share/colcon-core/packages/my_interface)
[11.214s] Level 1:colcon.colcon_core.environment:create_environment_scripts_only(my_interface)
[11.214s] Level 1:colcon.colcon_core.environment:checking '/home/anthonyubuntu/Desktop/inmind/session7/Anthony-Moundalak-ROS2-Assignment-Turtlebot3-Session7/ros2_ws/install/my_interface' for CMake module files
[11.215s] Level 1:colcon.colcon_core.environment:checking '/home/anthonyubuntu/Desktop/inmind/session7/Anthony-Moundalak-ROS2-Assignment-Turtlebot3-Session7/ros2_ws/install/my_interface' for CMake config files
[11.215s] Level 1:colcon.colcon_core.shell:create_environment_hook('my_interface', 'cmake_prefix_path')
[11.216s] INFO:colcon.colcon_core.shell:Creating environment hook '/home/anthonyubuntu/Desktop/inmind/session7/Anthony-Moundalak-ROS2-Assignment-Turtlebot3-Session7/ros2_ws/install/my_interface/share/my_interface/hook/cmake_prefix_path.ps1'
[11.216s] INFO:colcon.colcon_core.shell:Creating environment descriptor '/home/anthonyubuntu/Desktop/inmind/session7/Anthony-Moundalak-ROS2-Assignment-Turtlebot3-Session7/ros2_ws/install/my_interface/share/my_interface/hook/cmake_prefix_path.dsv'
[11.217s] INFO:colcon.colcon_core.shell:Creating environment hook '/home/anthonyubuntu/Desktop/inmind/session7/Anthony-Moundalak-ROS2-Assignment-Turtlebot3-Session7/ros2_ws/install/my_interface/share/my_interface/hook/cmake_prefix_path.sh'
[11.217s] Level 1:colcon.colcon_core.environment:checking '/home/anthonyubuntu/Desktop/inmind/session7/Anthony-Moundalak-ROS2-Assignment-Turtlebot3-Session7/ros2_ws/install/my_interface/lib'
[11.217s] Level 1:colcon.colcon_core.shell:create_environment_hook('my_interface', 'ld_library_path_lib')
[11.218s] INFO:colcon.colcon_core.shell:Creating environment hook '/home/anthonyubuntu/Desktop/inmind/session7/Anthony-Moundalak-ROS2-Assignment-Turtlebot3-Session7/ros2_ws/install/my_interface/share/my_interface/hook/ld_library_path_lib.ps1'
[11.218s] INFO:colcon.colcon_core.shell:Creating environment descriptor '/home/anthonyubuntu/Desktop/inmind/session7/Anthony-Moundalak-ROS2-Assignment-Turtlebot3-Session7/ros2_ws/install/my_interface/share/my_interface/hook/ld_library_path_lib.dsv'
[11.218s] INFO:colcon.colcon_core.shell:Creating environment hook '/home/anthonyubuntu/Desktop/inmind/session7/Anthony-Moundalak-ROS2-Assignment-Turtlebot3-Session7/ros2_ws/install/my_interface/share/my_interface/hook/ld_library_path_lib.sh'
[11.219s] Level 1:colcon.colcon_core.environment:checking '/home/anthonyubuntu/Desktop/inmind/session7/Anthony-Moundalak-ROS2-Assignment-Turtlebot3-Session7/ros2_ws/install/my_interface/bin'
[11.219s] Level 1:colcon.colcon_core.environment:checking '/home/anthonyubuntu/Desktop/inmind/session7/Anthony-Moundalak-ROS2-Assignment-Turtlebot3-Session7/ros2_ws/install/my_interface/lib/pkgconfig/my_interface.pc'
[11.219s] Level 1:colcon.colcon_core.environment:checking '/home/anthonyubuntu/Desktop/inmind/session7/Anthony-Moundalak-ROS2-Assignment-Turtlebot3-Session7/ros2_ws/install/my_interface/lib/python3.10/site-packages'
[11.219s] Level 1:colcon.colcon_core.environment:checking '/home/anthonyubuntu/Desktop/inmind/session7/Anthony-Moundalak-ROS2-Assignment-Turtlebot3-Session7/ros2_ws/install/my_interface/bin'
[11.220s] INFO:colcon.colcon_core.shell:Creating package script '/home/anthonyubuntu/Desktop/inmind/session7/Anthony-Moundalak-ROS2-Assignment-Turtlebot3-Session7/ros2_ws/install/my_interface/share/my_interface/package.ps1'
[11.220s] INFO:colcon.colcon_core.shell:Creating package descriptor '/home/anthonyubuntu/Desktop/inmind/session7/Anthony-Moundalak-ROS2-Assignment-Turtlebot3-Session7/ros2_ws/install/my_interface/share/my_interface/package.dsv'
[11.221s] INFO:colcon.colcon_core.shell:Creating package script '/home/anthonyubuntu/Desktop/inmind/session7/Anthony-Moundalak-ROS2-Assignment-Turtlebot3-Session7/ros2_ws/install/my_interface/share/my_interface/package.sh'
[11.222s] INFO:colcon.colcon_core.shell:Creating package script '/home/anthonyubuntu/Desktop/inmind/session7/Anthony-Moundalak-ROS2-Assignment-Turtlebot3-Session7/ros2_ws/install/my_interface/share/my_interface/package.bash'
[11.222s] INFO:colcon.colcon_core.shell:Creating package script '/home/anthonyubuntu/Desktop/inmind/session7/Anthony-Moundalak-ROS2-Assignment-Turtlebot3-Session7/ros2_ws/install/my_interface/share/my_interface/package.zsh'
[11.223s] Level 1:colcon.colcon_core.environment:create_file_with_runtime_dependencies(/home/anthonyubuntu/Desktop/inmind/session7/Anthony-Moundalak-ROS2-Assignment-Turtlebot3-Session7/ros2_ws/install/my_interface/share/colcon-core/packages/my_interface)
[11.224s] INFO:colcon.colcon_ros.task.ament_python.build:Building ROS package in '/home/anthonyubuntu/Desktop/inmind/session7/Anthony-Moundalak-ROS2-Assignment-Turtlebot3-Session7/ros2_ws/src/turtlebot_navigation' with build type 'ament_python'
[11.224s] Level 1:colcon.colcon_core.shell:create_environment_hook('turtlebot_navigation', 'ament_prefix_path')
[11.224s] INFO:colcon.colcon_core.shell:Creating environment hook '/home/anthonyubuntu/Desktop/inmind/session7/Anthony-Moundalak-ROS2-Assignment-Turtlebot3-Session7/ros2_ws/install/turtlebot_navigation/share/turtlebot_navigation/hook/ament_prefix_path.ps1'
[11.225s] INFO:colcon.colcon_core.shell:Creating environment descriptor '/home/anthonyubuntu/Desktop/inmind/session7/Anthony-Moundalak-ROS2-Assignment-Turtlebot3-Session7/ros2_ws/install/turtlebot_navigation/share/turtlebot_navigation/hook/ament_prefix_path.dsv'
[11.225s] INFO:colcon.colcon_core.shell:Creating environment hook '/home/anthonyubuntu/Desktop/inmind/session7/Anthony-Moundalak-ROS2-Assignment-Turtlebot3-Session7/ros2_ws/install/turtlebot_navigation/share/turtlebot_navigation/hook/ament_prefix_path.sh'
[11.226s] INFO:colcon.colcon_core.shell:Skip shell extension 'powershell' for command environment: Not usable outside of PowerShell
[11.226s] DEBUG:colcon.colcon_core.shell:Skip shell extension 'dsv' for command environment
[11.614s] INFO:colcon.colcon_core.task.python.build:Building Python package in '/home/anthonyubuntu/Desktop/inmind/session7/Anthony-Moundalak-ROS2-Assignment-Turtlebot3-Session7/ros2_ws/src/turtlebot_navigation'
[11.614s] INFO:colcon.colcon_core.shell:Skip shell extension 'powershell' for command environment: Not usable outside of PowerShell
[11.614s] DEBUG:colcon.colcon_core.shell:Skip shell extension 'dsv' for command environment
[12.990s] DEBUG:colcon.colcon_core.event_handler.log_command:Invoking command in '/home/anthonyubuntu/Desktop/inmind/session7/Anthony-Moundalak-ROS2-Assignment-Turtlebot3-Session7/ros2_ws/src/turtlebot_navigation': AMENT_PREFIX_PATH=/home/anthonyubuntu/Desktop/inmind/session7/Anthony-Moundalak-ROS2-Assignment-Turtlebot3-Session7/ros2_ws/install/my_interface:${AMENT_PREFIX_PATH} CMAKE_PREFIX_PATH=/home/anthonyubuntu/Desktop/inmind/session7/Anthony-Moundalak-ROS2-Assignment-Turtlebot3-Session7/ros2_ws/install/my_interface LD_LIBRARY_PATH=/home/anthonyubuntu/Desktop/inmind/session7/Anthony-Moundalak-ROS2-Assignment-Turtlebot3-Session7/ros2_ws/install/my_interface/lib:${LD_LIBRARY_PATH} PYTHONPATH=/home/anthonyubuntu/Desktop/inmind/session7/Anthony-Moundalak-ROS2-Assignment-Turtlebot3-Session7/ros2_ws/build/turtlebot_navigation/prefix_override:/usr/lib/python3/dist-packages/colcon_core/task/python/colcon_distutils_commands:/home/anthonyubuntu/Desktop/inmind/session7/Anthony-Moundalak-ROS2-Assignment-Turtlebot3-Session7/ros2_ws/install/turtlebot_navigation/lib/python3.10/site-packages:/home/anthonyubuntu/Desktop/inmind/session7/Anthony-Moundalak-ROS2-Assignment-Turtlebot3-Session7/ros2_ws/install/my_interface/local/lib/python3.10/dist-packages:${PYTHONPATH} /usr/bin/python3 -W ignore:setup.py install is deprecated setup.py egg_info --egg-base ../../build/turtlebot_navigation build --build-base /home/anthonyubuntu/Desktop/inmind/session7/Anthony-Moundalak-ROS2-Assignment-Turtlebot3-Session7/ros2_ws/build/turtlebot_navigation/build install --record /home/anthonyubuntu/Desktop/inmind/session7/Anthony-Moundalak-ROS2-Assignment-Turtlebot3-Session7/ros2_ws/build/turtlebot_navigation/install.log --single-version-externally-managed install_data
[13.341s] Level 1:colcon.colcon_core.environment:checking '/home/anthonyubuntu/Desktop/inmind/session7/Anthony-Moundalak-ROS2-Assignment-Turtlebot3-Session7/ros2_ws/install/turtlebot_navigation' for CMake module files
[13.342s] DEBUG:colcon.colcon_core.event_handler.log_command:Invoked command in '/home/anthonyubuntu/Desktop/inmind/session7/Anthony-Moundalak-ROS2-Assignment-Turtlebot3-Session7/ros2_ws/src/turtlebot_navigation' returned '0': AMENT_PREFIX_PATH=/home/anthonyubuntu/Desktop/inmind/session7/Anthony-Moundalak-ROS2-Assignment-Turtlebot3-Session7/ros2_ws/install/my_interface:${AMENT_PREFIX_PATH} CMAKE_PREFIX_PATH=/home/anthonyubuntu/Desktop/inmind/session7/Anthony-Moundalak-ROS2-Assignment-Turtlebot3-Session7/ros2_ws/install/my_interface LD_LIBRARY_PATH=/home/anthonyubuntu/Desktop/inmind/session7/Anthony-Moundalak-ROS2-Assignment-Turtlebot3-Session7/ros2_ws/install/my_interface/lib:${LD_LIBRARY_PATH} PYTHONPATH=/home/anthonyubuntu/Desktop/inmind/session7/Anthony-Moundalak-ROS2-Assignment-Turtlebot3-Session7/ros2_ws/build/turtlebot_navigation/prefix_override:/usr/lib/python3/dist-packages/colcon_core/task/python/colcon_distutils_commands:/home/anthonyubuntu/Desktop/inmind/session7/Anthony-Moundalak-ROS2-Assignment-Turtlebot3-Session7/ros2_ws/install/turtlebot_navigation/lib/python3.10/site-packages:/home/anthonyubuntu/Desktop/inmind/session7/Anthony-Moundalak-ROS2-Assignment-Turtlebot3-Session7/ros2_ws/install/my_interface/local/lib/python3.10/dist-packages:${PYTHONPATH} /usr/bin/python3 -W ignore:setup.py install is deprecated setup.py egg_info --egg-base ../../build/turtlebot_navigation build --build-base /home/anthonyubuntu/Desktop/inmind/session7/Anthony-Moundalak-ROS2-Assignment-Turtlebot3-Session7/ros2_ws/build/turtlebot_navigation/build install --record /home/anthonyubuntu/Desktop/inmind/session7/Anthony-Moundalak-ROS2-Assignment-Turtlebot3-Session7/ros2_ws/build/turtlebot_navigation/install.log --single-version-externally-managed install_data
[13.342s] Level 1:colcon.colcon_core.environment:checking '/home/anthonyubuntu/Desktop/inmind/session7/Anthony-Moundalak-ROS2-Assignment-Turtlebot3-Session7/ros2_ws/install/turtlebot_navigation' for CMake config files
[13.343s] Level 1:colcon.colcon_core.environment:checking '/home/anthonyubuntu/Desktop/inmind/session7/Anthony-Moundalak-ROS2-Assignment-Turtlebot3-Session7/ros2_ws/install/turtlebot_navigation/lib'
[13.343s] Level 1:colcon.colcon_core.environment:checking '/home/anthonyubuntu/Desktop/inmind/session7/Anthony-Moundalak-ROS2-Assignment-Turtlebot3-Session7/ros2_ws/install/turtlebot_navigation/bin'
[13.343s] Level 1:colcon.colcon_core.environment:checking '/home/anthonyubuntu/Desktop/inmind/session7/Anthony-Moundalak-ROS2-Assignment-Turtlebot3-Session7/ros2_ws/install/turtlebot_navigation/lib/pkgconfig/turtlebot_navigation.pc'
[13.343s] Level 1:colcon.colcon_core.environment:checking '/home/anthonyubuntu/Desktop/inmind/session7/Anthony-Moundalak-ROS2-Assignment-Turtlebot3-Session7/ros2_ws/install/turtlebot_navigation/lib/python3.10/site-packages'
[13.343s] Level 1:colcon.colcon_core.shell:create_environment_hook('turtlebot_navigation', 'pythonpath')
[13.344s] INFO:colcon.colcon_core.shell:Creating environment hook '/home/anthonyubuntu/Desktop/inmind/session7/Anthony-Moundalak-ROS2-Assignment-Turtlebot3-Session7/ros2_ws/install/turtlebot_navigation/share/turtlebot_navigation/hook/pythonpath.ps1'
[13.344s] INFO:colcon.colcon_core.shell:Creating environment descriptor '/home/anthonyubuntu/Desktop/inmind/session7/Anthony-Moundalak-ROS2-Assignment-Turtlebot3-Session7/ros2_ws/install/turtlebot_navigation/share/turtlebot_navigation/hook/pythonpath.dsv'
[13.344s] INFO:colcon.colcon_core.shell:Creating environment hook '/home/anthonyubuntu/Desktop/inmind/session7/Anthony-Moundalak-ROS2-Assignment-Turtlebot3-Session7/ros2_ws/install/turtlebot_navigation/share/turtlebot_navigation/hook/pythonpath.sh'
[13.345s] Level 1:colcon.colcon_core.environment:checking '/home/anthonyubuntu/Desktop/inmind/session7/Anthony-Moundalak-ROS2-Assignment-Turtlebot3-Session7/ros2_ws/install/turtlebot_navigation/bin'
[13.345s] Level 1:colcon.colcon_core.environment:create_environment_scripts_only(turtlebot_navigation)
[13.345s] INFO:colcon.colcon_core.shell:Creating package script '/home/anthonyubuntu/Desktop/inmind/session7/Anthony-Moundalak-ROS2-Assignment-Turtlebot3-Session7/ros2_ws/install/turtlebot_navigation/share/turtlebot_navigation/package.ps1'
[13.346s] INFO:colcon.colcon_core.shell:Creating package descriptor '/home/anthonyubuntu/Desktop/inmind/session7/Anthony-Moundalak-ROS2-Assignment-Turtlebot3-Session7/ros2_ws/install/turtlebot_navigation/share/turtlebot_navigation/package.dsv'
[13.346s] INFO:colcon.colcon_core.shell:Creating package script '/home/anthonyubuntu/Desktop/inmind/session7/Anthony-Moundalak-ROS2-Assignment-Turtlebot3-Session7/ros2_ws/install/turtlebot_navigation/share/turtlebot_navigation/package.sh'
[13.346s] INFO:colcon.colcon_core.shell:Creating package script '/home/anthonyubuntu/Desktop/inmind/session7/Anthony-Moundalak-ROS2-Assignment-Turtlebot3-Session7/ros2_ws/install/turtlebot_navigation/share/turtlebot_navigation/package.bash'
[13.347s] INFO:colcon.colcon_core.shell:Creating package script '/home/anthonyubuntu/Desktop/inmind/session7/Anthony-Moundalak-ROS2-Assignment-Turtlebot3-Session7/ros2_ws/install/turtlebot_navigation/share/turtlebot_navigation/package.zsh'
[13.347s] Level 1:colcon.colcon_core.environment:create_file_with_runtime_dependencies(/home/anthonyubuntu/Desktop/inmind/session7/Anthony-Moundalak-ROS2-Assignment-Turtlebot3-Session7/ros2_ws/install/turtlebot_navigation/share/colcon-core/packages/turtlebot_navigation)
[13.348s] DEBUG:colcon.colcon_parallel_executor.executor.parallel:closing loop
[13.348s] DEBUG:colcon.colcon_parallel_executor.executor.parallel:loop closed
[13.349s] DEBUG:colcon.colcon_parallel_executor.executor.parallel:run_until_complete finished with '0'
[13.349s] DEBUG:colcon.colcon_core.event_reactor:joining thread
[13.382s] INFO:colcon.colcon_core.plugin_system:Skipping extension 'colcon_notification.desktop_notification.terminal_notifier': Not used on non-Darwin systems
[13.382s] INFO:colcon.colcon_core.plugin_system:Skipping extension 'colcon_notification.desktop_notification.win32': Not used on non-Windows systems
[13.382s] INFO:colcon.colcon_notification.desktop_notification:Sending desktop notification using 'notify2'
[13.397s] DEBUG:colcon.colcon_core.event_reactor:joined thread
[13.398s] INFO:colcon.colcon_core.shell:Creating prefix script '/home/anthonyubuntu/Desktop/inmind/session7/Anthony-Moundalak-ROS2-Assignment-Turtlebot3-Session7/ros2_ws/install/local_setup.ps1'
[13.399s] INFO:colcon.colcon_core.shell:Creating prefix util module '/home/anthonyubuntu/Desktop/inmind/session7/Anthony-Moundalak-ROS2-Assignment-Turtlebot3-Session7/ros2_ws/install/_local_setup_util_ps1.py'
[13.401s] INFO:colcon.colcon_core.shell:Creating prefix chain script '/home/anthonyubuntu/Desktop/inmind/session7/Anthony-Moundalak-ROS2-Assignment-Turtlebot3-Session7/ros2_ws/install/setup.ps1'
[13.403s] INFO:colcon.colcon_core.shell:Creating prefix script '/home/anthonyubuntu/Desktop/inmind/session7/Anthony-Moundalak-ROS2-Assignment-Turtlebot3-Session7/ros2_ws/install/local_setup.sh'
[13.405s] INFO:colcon.colcon_core.shell:Creating prefix util module '/home/anthonyubuntu/Desktop/inmind/session7/Anthony-Moundalak-ROS2-Assignment-Turtlebot3-Session7/ros2_ws/install/_local_setup_util_sh.py'
[13.406s] INFO:colcon.colcon_core.shell:Creating prefix chain script '/home/anthonyubuntu/Desktop/inmind/session7/Anthony-Moundalak-ROS2-Assignment-Turtlebot3-Session7/ros2_ws/install/setup.sh'
[13.408s] INFO:colcon.colcon_core.shell:Creating prefix script '/home/anthonyubuntu/Desktop/inmind/session7/Anthony-Moundalak-ROS2-Assignment-Turtlebot3-Session7/ros2_ws/install/local_setup.bash'
[13.409s] INFO:colcon.colcon_core.shell:Creating prefix chain script '/home/anthonyubuntu/Desktop/inmind/session7/Anthony-Moundalak-ROS2-Assignment-Turtlebot3-Session7/ros2_ws/install/setup.bash'
[13.410s] INFO:colcon.colcon_core.shell:Creating prefix script '/home/anthonyubuntu/Desktop/inmind/session7/Anthony-Moundalak-ROS2-Assignment-Turtlebot3-Session7/ros2_ws/install/local_setup.zsh'
[13.411s] INFO:colcon.colcon_core.shell:Creating prefix chain script '/home/anthonyubuntu/Desktop/inmind/session7/Anthony-Moundalak-ROS2-Assignment-Turtlebot3-Session7/ros2_ws/install/setup.zsh'
