/home/anthonyubuntu/Desktop/inmind/session7/Anthony-Moundalak-ROS2-Assignment-Turtlebot3-Session7/ros2_ws/install/turtlebot_navigation/lib/python3.10/site-packages/turtlebot_navigation/__init__.py
/home/anthonyubuntu/Desktop/inmind/session7/Anthony-Moundalak-ROS2-Assignment-Turtlebot3-Session7/ros2_ws/install/turtlebot_navigation/lib/python3.10/site-packages/turtlebot_navigation/robot_driver.py
/home/anthonyubuntu/Desktop/inmind/session7/Anthony-Moundalak-ROS2-Assignment-Turtlebot3-Session7/ros2_ws/install/turtlebot_navigation/lib/python3.10/site-packages/turtlebot_navigation/wall_finder_service.py
/home/anthonyubuntu/Desktop/inmind/session7/Anthony-Moundalak-ROS2-Assignment-Turtlebot3-Session7/ros2_ws/install/turtlebot_navigation/lib/python3.10/site-packages/turtlebot_navigation/lap_time_action_server.py
/home/anthonyubuntu/Desktop/inmind/session7/Anthony-Moundalak-ROS2-Assignment-Turtlebot3-Session7/ros2_ws/install/turtlebot_navigation/lib/python3.10/site-packages/turtlebot_navigation/lap_time_action_client.py
/home/anthonyubuntu/Desktop/inmind/session7/Anthony-Moundalak-ROS2-Assignment-Turtlebot3-Session7/ros2_ws/install/turtlebot_navigation/lib/python3.10/site-packages/turtlebot_navigation/__pycache__/__init__.cpython-310.pyc
/home/anthonyubuntu/Desktop/inmind/session7/Anthony-Moundalak-ROS2-Assignment-Turtlebot3-Session7/ros2_ws/install/turtlebot_navigation/lib/python3.10/site-packages/turtlebot_navigation/__pycache__/robot_driver.cpython-310.pyc
/home/anthonyubuntu/Desktop/inmind/session7/Anthony-Moundalak-ROS2-Assignment-Turtlebot3-Session7/ros2_ws/install/turtlebot_navigation/lib/python3.10/site-packages/turtlebot_navigation/__pycache__/wall_finder_service.cpython-310.pyc
/home/anthonyubuntu/Desktop/inmind/session7/Anthony-Moundalak-ROS2-Assignment-Turtlebot3-Session7/ros2_ws/install/turtlebot_navigation/lib/python3.10/site-packages/turtlebot_navigation/__pycache__/lap_time_action_server.cpython-310.pyc
/home/anthonyubuntu/Desktop/inmind/session7/Anthony-Moundalak-ROS2-Assignment-Turtlebot3-Session7/ros2_ws/install/turtlebot_navigation/lib/python3.10/site-packages/turtlebot_navigation/__pycache__/lap_time_action_client.cpython-310.pyc
/home/anthonyubuntu/Desktop/inmind/session7/Anthony-Moundalak-ROS2-Assignment-Turtlebot3-Session7/ros2_ws/install/turtlebot_navigation/share/ament_index/resource_index/packages/turtlebot_navigation
/home/anthonyubuntu/Desktop/inmind/session7/Anthony-Moundalak-ROS2-Assignment-Turtlebot3-Session7/ros2_ws/install/turtlebot_navigation/share/turtlebot_navigation/package.xml
/home/anthonyubuntu/Desktop/inmind/session7/Anthony-Moundalak-ROS2-Assignment-Turtlebot3-Session7/ros2_ws/install/turtlebot_navigation/share/turtlebot_navigation/launch/my_robot_launch.py
/home/anthonyubuntu/Desktop/inmind/session7/Anthony-Moundalak-ROS2-Assignment-Turtlebot3-Session7/ros2_ws/install/turtlebot_navigation/lib/python3.10/site-packages/turtlebot_navigation-0.0.0-py3.10.egg-info/dependency_links.txt
/home/anthonyubuntu/Desktop/inmind/session7/Anthony-Moundalak-ROS2-Assignment-Turtlebot3-Session7/ros2_ws/install/turtlebot_navigation/lib/python3.10/site-packages/turtlebot_navigation-0.0.0-py3.10.egg-info/entry_points.txt
/home/anthonyubuntu/Desktop/inmind/session7/Anthony-Moundalak-ROS2-Assignment-Turtlebot3-Session7/ros2_ws/install/turtlebot_navigation/lib/python3.10/site-packages/turtlebot_navigation-0.0.0-py3.10.egg-info/top_level.txt
/home/anthonyubuntu/Desktop/inmind/session7/Anthony-Moundalak-ROS2-Assignment-Turtlebot3-Session7/ros2_ws/install/turtlebot_navigation/lib/python3.10/site-packages/turtlebot_navigation-0.0.0-py3.10.egg-info/zip-safe
/home/anthonyubuntu/Desktop/inmind/session7/Anthony-Moundalak-ROS2-Assignment-Turtlebot3-Session7/ros2_ws/install/turtlebot_navigation/lib/python3.10/site-packages/turtlebot_navigation-0.0.0-py3.10.egg-info/PKG-INFO
/home/anthonyubuntu/Desktop/inmind/session7/Anthony-Moundalak-ROS2-Assignment-Turtlebot3-Session7/ros2_ws/install/turtlebot_navigation/lib/python3.10/site-packages/turtlebot_navigation-0.0.0-py3.10.egg-info/requires.txt
/home/anthonyubuntu/Desktop/inmind/session7/Anthony-Moundalak-ROS2-Assignment-Turtlebot3-Session7/ros2_ws/install/turtlebot_navigation/lib/python3.10/site-packages/turtlebot_navigation-0.0.0-py3.10.egg-info/SOURCES.txt
/home/anthonyubuntu/Desktop/inmind/session7/Anthony-Moundalak-ROS2-Assignment-Turtlebot3-Session7/ros2_ws/install/turtlebot_navigation/lib/turtlebot_navigation/lap_time_action_client
/home/anthonyubuntu/Desktop/inmind/session7/Anthony-Moundalak-ROS2-Assignment-Turtlebot3-Session7/ros2_ws/install/turtlebot_navigation/lib/turtlebot_navigation/lap_time_action_server
/home/anthonyubuntu/Desktop/inmind/session7/Anthony-Moundalak-ROS2-Assignment-Turtlebot3-Session7/ros2_ws/install/turtlebot_navigation/lib/turtlebot_navigation/robot_driver
/home/anthonyubuntu/Desktop/inmind/session7/Anthony-Moundalak-ROS2-Assignment-Turtlebot3-Session7/ros2_ws/install/turtlebot_navigation/lib/turtlebot_navigation/wall_finder_service
