[0.029s] Invoking command in '/home/anthonyubuntu/Desktop/inmind/session7/Anthony-Moundalak-ROS2-Assignment-Turtlebot3-Session7/ros2_ws/build/my_interface': CMAKE_PREFIX_PATH=/opt/ros/humble /usr/bin/cmake /home/anthonyubuntu/Desktop/inmind/session7/Anthony-Moundalak-ROS2-Assignment-Turtlebot3-Session7/ros2_ws/src/my_interface -DCMAKE_INSTALL_PREFIX=/home/anthonyubuntu/Desktop/inmind/session7/Anthony-Moundalak-ROS2-Assignment-Turtlebot3-Session7/ros2_ws/install/my_interface
[0.194s] -- Found ament_cmake: 1.3.9 (/opt/ros/humble/share/ament_cmake/cmake)
[0.471s] -- Found Python3: /usr/bin/python3 (found version "3.10.12") found components: Interpreter 
[0.702s] -- Found ament_lint_auto: 0.12.11 (/opt/ros/humble/share/ament_lint_auto/cmake)
[0.841s] -- Found rosidl_default_generators: 1.2.0 (/opt/ros/humble/share/rosidl_default_generators/cmake)
[0.885s] -- Using all available rosidl_typesupport_c: rosidl_typesupport_fastrtps_c;rosidl_typesupport_introspection_c
[0.904s] -- Found rosidl_adapter: 3.1.5 (/opt/ros/humble/share/rosidl_adapter/cmake)
[1.014s] -- Using all available rosidl_typesupport_cpp: rosidl_typesupport_fastrtps_cpp;rosidl_typesupport_introspection_cpp
[1.509s] -- Found ament_cmake_ros: 0.10.0 (/opt/ros/humble/share/ament_cmake_ros/cmake)
[1.788s] -- Using all available rosidl_typesupport_c: rosidl_typesupport_fastrtps_c;rosidl_typesupport_introspection_c
[2.070s] -- Using all available rosidl_typesupport_cpp: rosidl_typesupport_fastrtps_cpp;rosidl_typesupport_introspection_cpp
[2.097s] -- Found PythonInterp: /usr/bin/python3 (found suitable version "3.10.12", minimum required is "3.6") 
[2.110s] -- Found python_cmake_module: 0.10.0 (/opt/ros/humble/share/python_cmake_module/cmake)
[2.197s] -- Found PythonLibs: /usr/lib/x86_64-linux-gnu/libpython3.10.so (found suitable version "3.10.12", minimum required is "3.5") 
[2.197s] -- Using PYTHON_EXECUTABLE: /usr/bin/python3
[2.197s] -- Using PYTHON_INCLUDE_DIRS: /usr/include/python3.10
[2.197s] -- Using PYTHON_LIBRARIES: /usr/lib/x86_64-linux-gnu/libpython3.10.so
[2.220s] -- Found PythonExtra: .so  
[2.387s] -- Added test 'lint_cmake' to check CMake code style
[2.390s] -- Added test 'xmllint' to check XML markup files
[2.405s] -- Configuring done
[2.484s] -- Generating done
[2.487s] -- Build files have been written to: /home/anthonyubuntu/Desktop/inmind/session7/Anthony-Moundalak-ROS2-Assignment-Turtlebot3-Session7/ros2_ws/build/my_interface
[2.497s] Invoked command in '/home/anthonyubuntu/Desktop/inmind/session7/Anthony-Moundalak-ROS2-Assignment-Turtlebot3-Session7/ros2_ws/build/my_interface' returned '0': CMAKE_PREFIX_PATH=/opt/ros/humble /usr/bin/cmake /home/anthonyubuntu/Desktop/inmind/session7/Anthony-Moundalak-ROS2-Assignment-Turtlebot3-Session7/ros2_ws/src/my_interface -DCMAKE_INSTALL_PREFIX=/home/anthonyubuntu/Desktop/inmind/session7/Anthony-Moundalak-ROS2-Assignment-Turtlebot3-Session7/ros2_ws/install/my_interface
[2.499s] Invoking command in '/home/anthonyubuntu/Desktop/inmind/session7/Anthony-Moundalak-ROS2-Assignment-Turtlebot3-Session7/ros2_ws/build/my_interface': CMAKE_PREFIX_PATH=/opt/ros/humble /usr/bin/cmake --build /home/anthonyubuntu/Desktop/inmind/session7/Anthony-Moundalak-ROS2-Assignment-Turtlebot3-Session7/ros2_ws/build/my_interface -- -j4 -l4
[2.543s] [  2%] [34m[1mGenerating C code for ROS interfaces[0m
[2.555s] [  5%] [34m[1mGenerating C++ code for ROS interfaces[0m
[2.565s] [  5%] Built target ament_cmake_python_copy_my_interface
[2.895s] running egg_info
[2.896s] creating my_interface.egg-info
[2.896s] writing my_interface.egg-info/PKG-INFO
[2.896s] writing dependency_links to my_interface.egg-info/dependency_links.txt
[2.897s] writing top-level names to my_interface.egg-info/top_level.txt
[2.897s] writing manifest file 'my_interface.egg-info/SOURCES.txt'
[2.919s] reading manifest file 'my_interface.egg-info/SOURCES.txt'
[2.920s] writing manifest file 'my_interface.egg-info/SOURCES.txt'
[2.953s] [  5%] Built target ament_cmake_python_build_my_interface_egg
[3.198s] [  5%] Built target my_interface__cpp
[3.209s] [ 15%] [34m[1mGenerating C++ type support for eProsima Fast-RTPS[0m
[3.209s] [ 15%] [34m[1mGenerating C++ type support dispatch for ROS interfaces[0m
[3.209s] [ 15%] [34m[1mGenerating C++ introspection for ROS interfaces[0m
[3.209s] [ 15%] [32mBuilding C object CMakeFiles/my_interface__rosidl_generator_c.dir/rosidl_generator_c/my_interface/action/detail/measure_lap_time__functions.c.o[0m
[3.622s] [ 17%] [32mBuilding CXX object CMakeFiles/my_interface__rosidl_typesupport_cpp.dir/rosidl_typesupport_cpp/my_interface/action/measure_lap_time__type_support.cpp.o[0m
[3.676s] [ 20%] [32mBuilding C object CMakeFiles/my_interface__rosidl_generator_c.dir/rosidl_generator_c/my_interface/srv/detail/find_closest_wall__functions.c.o[0m
[3.714s] [ 23%] [32mBuilding CXX object CMakeFiles/my_interface__rosidl_typesupport_introspection_cpp.dir/rosidl_typesupport_introspection_cpp/my_interface/action/detail/measure_lap_time__type_support.cpp.o[0m
[3.735s] [ 25%] [32m[1mLinking C shared library libmy_interface__rosidl_generator_c.so[0m
[3.766s] [ 28%] [32mBuilding CXX object CMakeFiles/my_interface__rosidl_typesupport_fastrtps_cpp.dir/rosidl_typesupport_fastrtps_cpp/my_interface/action/detail/dds_fastrtps/measure_lap_time__type_support.cpp.o[0m
[3.824s] [ 28%] Built target my_interface__rosidl_generator_c
[3.836s] [ 30%] [34m[1mGenerating C type support for eProsima Fast-RTPS[0m
[4.388s] [ 33%] [32mBuilding CXX object CMakeFiles/my_interface__rosidl_typesupport_fastrtps_c.dir/rosidl_typesupport_fastrtps_c/my_interface/action/detail/measure_lap_time__type_support_c.cpp.o[0m
[5.080s] [ 38%] [32mBuilding CXX object CMakeFiles/my_interface__rosidl_typesupport_fastrtps_c.dir/rosidl_typesupport_fastrtps_c/my_interface/srv/detail/find_closest_wall__type_support_c.cpp.o[0m
[5.081s] [ 38%] [32mBuilding CXX object CMakeFiles/my_interface__rosidl_typesupport_cpp.dir/rosidl_typesupport_cpp/my_interface/srv/find_closest_wall__type_support.cpp.o[0m
[5.096s] [ 41%] [32mBuilding CXX object CMakeFiles/my_interface__rosidl_typesupport_fastrtps_cpp.dir/rosidl_typesupport_fastrtps_cpp/my_interface/srv/detail/dds_fastrtps/find_closest_wall__type_support.cpp.o[0m
[5.200s] [ 43%] [32mBuilding CXX object CMakeFiles/my_interface__rosidl_typesupport_introspection_cpp.dir/rosidl_typesupport_introspection_cpp/my_interface/srv/detail/find_closest_wall__type_support.cpp.o[0m
[5.416s] [ 46%] [32m[1mLinking CXX shared library libmy_interface__rosidl_typesupport_cpp.so[0m
[5.495s] [ 46%] Built target my_interface__rosidl_typesupport_cpp
[5.506s] [ 51%] [34m[1mGenerating C introspection for ROS interfaces[0m
[5.507s] [ 51%] [32m[1mLinking CXX shared library libmy_interface__rosidl_typesupport_fastrtps_c.so[0m
[5.598s] [ 53%] [32m[1mLinking CXX shared library libmy_interface__rosidl_typesupport_fastrtps_cpp.so[0m
[5.645s] [ 53%] Built target my_interface__rosidl_typesupport_fastrtps_c
[5.663s] [ 56%] [34m[1mGenerating C type support dispatch for ROS interfaces[0m
[5.704s] [ 58%] [32m[1mLinking CXX shared library libmy_interface__rosidl_typesupport_introspection_cpp.so[0m
[5.711s] [ 58%] Built target my_interface__rosidl_typesupport_fastrtps_cpp
[5.797s] [ 58%] Built target my_interface__rosidl_typesupport_introspection_cpp
[6.015s] [ 64%] [32mBuilding C object CMakeFiles/my_interface__rosidl_typesupport_introspection_c.dir/rosidl_typesupport_introspection_c/my_interface/action/detail/measure_lap_time__type_support.c.o[0m
[6.016s] [ 64%] [32mBuilding C object CMakeFiles/my_interface__rosidl_typesupport_introspection_c.dir/rosidl_typesupport_introspection_c/my_interface/srv/detail/find_closest_wall__type_support.c.o[0m
[6.049s] [ 66%] [32mBuilding CXX object CMakeFiles/my_interface__rosidl_typesupport_c.dir/rosidl_typesupport_c/my_interface/action/measure_lap_time__type_support.cpp.o[0m
[6.049s] [ 69%] [32mBuilding CXX object CMakeFiles/my_interface__rosidl_typesupport_c.dir/rosidl_typesupport_c/my_interface/srv/find_closest_wall__type_support.cpp.o[0m
[6.072s] [ 71%] [32m[1mLinking C shared library libmy_interface__rosidl_typesupport_introspection_c.so[0m
[6.106s] [ 74%] [32m[1mLinking CXX shared library libmy_interface__rosidl_typesupport_c.so[0m
[6.107s] [ 74%] Built target my_interface__rosidl_typesupport_introspection_c
[6.152s] [ 74%] Built target my_interface__rosidl_typesupport_c
[6.178s] [ 74%] Built target my_interface
[6.200s] [ 76%] [34m[1mGenerating Python code for ROS interfaces[0m
[7.247s] [ 76%] Built target my_interface__py
[7.270s] [ 79%] [32mBuilding C object CMakeFiles/my_interface__rosidl_generator_py.dir/rosidl_generator_py/my_interface/srv/_find_closest_wall_s.c.o[0m
[7.272s] [ 82%] [32mBuilding C object CMakeFiles/my_interface__rosidl_generator_py.dir/rosidl_generator_py/my_interface/action/_measure_lap_time_s.c.o[0m
[8.558s] [ 84%] [32m[1mLinking C shared library rosidl_generator_py/my_interface/libmy_interface__rosidl_generator_py.so[0m
[8.633s] [ 84%] Built target my_interface__rosidl_generator_py
[8.655s] [ 92%] [32mBuilding C object CMakeFiles/my_interface__rosidl_typesupport_fastrtps_c__pyext.dir/rosidl_generator_py/my_interface/_my_interface_s.ep.rosidl_typesupport_fastrtps_c.c.o[0m
[8.655s] [ 92%] [32mBuilding C object CMakeFiles/my_interface__rosidl_typesupport_introspection_c__pyext.dir/rosidl_generator_py/my_interface/_my_interface_s.ep.rosidl_typesupport_introspection_c.c.o[0m
[8.655s] [ 92%] [32mBuilding C object CMakeFiles/my_interface__rosidl_typesupport_c__pyext.dir/rosidl_generator_py/my_interface/_my_interface_s.ep.rosidl_typesupport_c.c.o[0m
[8.794s] [ 94%] [32m[1mLinking C shared library rosidl_generator_py/my_interface/my_interface_s__rosidl_typesupport_fastrtps_c.cpython-310-x86_64-linux-gnu.so[0m
[8.806s] [ 97%] [32m[1mLinking C shared library rosidl_generator_py/my_interface/my_interface_s__rosidl_typesupport_introspection_c.cpython-310-x86_64-linux-gnu.so[0m
[8.806s] [100%] [32m[1mLinking C shared library rosidl_generator_py/my_interface/my_interface_s__rosidl_typesupport_c.cpython-310-x86_64-linux-gnu.so[0m
[8.840s] [100%] Built target my_interface__rosidl_typesupport_fastrtps_c__pyext
[8.852s] [100%] Built target my_interface__rosidl_typesupport_introspection_c__pyext
[8.852s] [100%] Built target my_interface__rosidl_typesupport_c__pyext
[8.865s] Invoked command in '/home/anthonyubuntu/Desktop/inmind/session7/Anthony-Moundalak-ROS2-Assignment-Turtlebot3-Session7/ros2_ws/build/my_interface' returned '0': CMAKE_PREFIX_PATH=/opt/ros/humble /usr/bin/cmake --build /home/anthonyubuntu/Desktop/inmind/session7/Anthony-Moundalak-ROS2-Assignment-Turtlebot3-Session7/ros2_ws/build/my_interface -- -j4 -l4
[8.972s] Invoking command in '/home/anthonyubuntu/Desktop/inmind/session7/Anthony-Moundalak-ROS2-Assignment-Turtlebot3-Session7/ros2_ws/build/my_interface': CMAKE_PREFIX_PATH=/opt/ros/humble /usr/bin/cmake --install /home/anthonyubuntu/Desktop/inmind/session7/Anthony-Moundalak-ROS2-Assignment-Turtlebot3-Session7/ros2_ws/build/my_interface
[8.982s] -- Install configuration: ""
[8.982s] -- Installing: /home/anthonyubuntu/Desktop/inmind/session7/Anthony-Moundalak-ROS2-Assignment-Turtlebot3-Session7/ros2_ws/install/my_interface/share/ament_index/resource_index/rosidl_interfaces/my_interface
[8.983s] -- Installing: /home/anthonyubuntu/Desktop/inmind/session7/Anthony-Moundalak-ROS2-Assignment-Turtlebot3-Session7/ros2_ws/install/my_interface/include/my_interface/my_interface
[8.983s] -- Installing: /home/anthonyubuntu/Desktop/inmind/session7/Anthony-Moundalak-ROS2-Assignment-Turtlebot3-Session7/ros2_ws/install/my_interface/include/my_interface/my_interface/srv
[8.983s] -- Installing: /home/anthonyubuntu/Desktop/inmind/session7/Anthony-Moundalak-ROS2-Assignment-Turtlebot3-Session7/ros2_ws/install/my_interface/include/my_interface/my_interface/srv/detail
[8.983s] -- Installing: /home/anthonyubuntu/Desktop/inmind/session7/Anthony-Moundalak-ROS2-Assignment-Turtlebot3-Session7/ros2_ws/install/my_interface/include/my_interface/my_interface/srv/detail/find_closest_wall__type_support.h
[8.984s] -- Installing: /home/anthonyubuntu/Desktop/inmind/session7/Anthony-Moundalak-ROS2-Assignment-Turtlebot3-Session7/ros2_ws/install/my_interface/include/my_interface/my_interface/srv/detail/find_closest_wall__functions.c
[8.984s] -- Installing: /home/anthonyubuntu/Desktop/inmind/session7/Anthony-Moundalak-ROS2-Assignment-Turtlebot3-Session7/ros2_ws/install/my_interface/include/my_interface/my_interface/srv/detail/find_closest_wall__struct.h
[8.984s] -- Installing: /home/anthonyubuntu/Desktop/inmind/session7/Anthony-Moundalak-ROS2-Assignment-Turtlebot3-Session7/ros2_ws/install/my_interface/include/my_interface/my_interface/srv/detail/find_closest_wall__functions.h
[8.984s] -- Installing: /home/anthonyubuntu/Desktop/inmind/session7/Anthony-Moundalak-ROS2-Assignment-Turtlebot3-Session7/ros2_ws/install/my_interface/include/my_interface/my_interface/srv/find_closest_wall.h
[8.984s] -- Installing: /home/anthonyubuntu/Desktop/inmind/session7/Anthony-Moundalak-ROS2-Assignment-Turtlebot3-Session7/ros2_ws/install/my_interface/include/my_interface/my_interface/msg
[8.985s] -- Installing: /home/anthonyubuntu/Desktop/inmind/session7/Anthony-Moundalak-ROS2-Assignment-Turtlebot3-Session7/ros2_ws/install/my_interface/include/my_interface/my_interface/msg/rosidl_generator_c__visibility_control.h
[8.985s] -- Installing: /home/anthonyubuntu/Desktop/inmind/session7/Anthony-Moundalak-ROS2-Assignment-Turtlebot3-Session7/ros2_ws/install/my_interface/include/my_interface/my_interface/action
[8.985s] -- Installing: /home/anthonyubuntu/Desktop/inmind/session7/Anthony-Moundalak-ROS2-Assignment-Turtlebot3-Session7/ros2_ws/install/my_interface/include/my_interface/my_interface/action/detail
[8.985s] -- Installing: /home/anthonyubuntu/Desktop/inmind/session7/Anthony-Moundalak-ROS2-Assignment-Turtlebot3-Session7/ros2_ws/install/my_interface/include/my_interface/my_interface/action/detail/measure_lap_time__functions.c
[8.986s] -- Installing: /home/anthonyubuntu/Desktop/inmind/session7/Anthony-Moundalak-ROS2-Assignment-Turtlebot3-Session7/ros2_ws/install/my_interface/include/my_interface/my_interface/action/detail/measure_lap_time__type_support.h
[8.986s] -- Installing: /home/anthonyubuntu/Desktop/inmind/session7/Anthony-Moundalak-ROS2-Assignment-Turtlebot3-Session7/ros2_ws/install/my_interface/include/my_interface/my_interface/action/detail/measure_lap_time__struct.h
[8.987s] -- Installing: /home/anthonyubuntu/Desktop/inmind/session7/Anthony-Moundalak-ROS2-Assignment-Turtlebot3-Session7/ros2_ws/install/my_interface/include/my_interface/my_interface/action/detail/measure_lap_time__functions.h
[8.987s] -- Installing: /home/anthonyubuntu/Desktop/inmind/session7/Anthony-Moundalak-ROS2-Assignment-Turtlebot3-Session7/ros2_ws/install/my_interface/include/my_interface/my_interface/action/measure_lap_time.h
[8.987s] -- Installing: /home/anthonyubuntu/Desktop/inmind/session7/Anthony-Moundalak-ROS2-Assignment-Turtlebot3-Session7/ros2_ws/install/my_interface/share/my_interface/environment/library_path.sh
[8.988s] -- Installing: /home/anthonyubuntu/Desktop/inmind/session7/Anthony-Moundalak-ROS2-Assignment-Turtlebot3-Session7/ros2_ws/install/my_interface/share/my_interface/environment/library_path.dsv
[8.989s] -- Installing: /home/anthonyubuntu/Desktop/inmind/session7/Anthony-Moundalak-ROS2-Assignment-Turtlebot3-Session7/ros2_ws/install/my_interface/lib/libmy_interface__rosidl_generator_c.so
[8.989s] -- Set runtime path of "/home/anthonyubuntu/Desktop/inmind/session7/Anthony-Moundalak-ROS2-Assignment-Turtlebot3-Session7/ros2_ws/install/my_interface/lib/libmy_interface__rosidl_generator_c.so" to ""
[8.989s] -- Up-to-date: /home/anthonyubuntu/Desktop/inmind/session7/Anthony-Moundalak-ROS2-Assignment-Turtlebot3-Session7/ros2_ws/install/my_interface/include/my_interface/my_interface
[8.989s] -- Up-to-date: /home/anthonyubuntu/Desktop/inmind/session7/Anthony-Moundalak-ROS2-Assignment-Turtlebot3-Session7/ros2_ws/install/my_interface/include/my_interface/my_interface/srv
[8.989s] -- Up-to-date: /home/anthonyubuntu/Desktop/inmind/session7/Anthony-Moundalak-ROS2-Assignment-Turtlebot3-Session7/ros2_ws/install/my_interface/include/my_interface/my_interface/srv/detail
[8.989s] -- Installing: /home/anthonyubuntu/Desktop/inmind/session7/Anthony-Moundalak-ROS2-Assignment-Turtlebot3-Session7/ros2_ws/install/my_interface/include/my_interface/my_interface/srv/detail/find_closest_wall__rosidl_typesupport_fastrtps_c.h
[8.989s] -- Up-to-date: /home/anthonyubuntu/Desktop/inmind/session7/Anthony-Moundalak-ROS2-Assignment-Turtlebot3-Session7/ros2_ws/install/my_interface/include/my_interface/my_interface/msg
[8.989s] -- Installing: /home/anthonyubuntu/Desktop/inmind/session7/Anthony-Moundalak-ROS2-Assignment-Turtlebot3-Session7/ros2_ws/install/my_interface/include/my_interface/my_interface/msg/rosidl_typesupport_fastrtps_c__visibility_control.h
[8.990s] -- Up-to-date: /home/anthonyubuntu/Desktop/inmind/session7/Anthony-Moundalak-ROS2-Assignment-Turtlebot3-Session7/ros2_ws/install/my_interface/include/my_interface/my_interface/action
[8.990s] -- Up-to-date: /home/anthonyubuntu/Desktop/inmind/session7/Anthony-Moundalak-ROS2-Assignment-Turtlebot3-Session7/ros2_ws/install/my_interface/include/my_interface/my_interface/action/detail
[8.990s] -- Installing: /home/anthonyubuntu/Desktop/inmind/session7/Anthony-Moundalak-ROS2-Assignment-Turtlebot3-Session7/ros2_ws/install/my_interface/include/my_interface/my_interface/action/detail/measure_lap_time__rosidl_typesupport_fastrtps_c.h
[8.990s] -- Installing: /home/anthonyubuntu/Desktop/inmind/session7/Anthony-Moundalak-ROS2-Assignment-Turtlebot3-Session7/ros2_ws/install/my_interface/lib/libmy_interface__rosidl_typesupport_fastrtps_c.so
[8.990s] -- Set runtime path of "/home/anthonyubuntu/Desktop/inmind/session7/Anthony-Moundalak-ROS2-Assignment-Turtlebot3-Session7/ros2_ws/install/my_interface/lib/libmy_interface__rosidl_typesupport_fastrtps_c.so" to ""
[8.990s] -- Up-to-date: /home/anthonyubuntu/Desktop/inmind/session7/Anthony-Moundalak-ROS2-Assignment-Turtlebot3-Session7/ros2_ws/install/my_interface/include/my_interface/my_interface
[8.990s] -- Up-to-date: /home/anthonyubuntu/Desktop/inmind/session7/Anthony-Moundalak-ROS2-Assignment-Turtlebot3-Session7/ros2_ws/install/my_interface/include/my_interface/my_interface/srv
[8.991s] -- Up-to-date: /home/anthonyubuntu/Desktop/inmind/session7/Anthony-Moundalak-ROS2-Assignment-Turtlebot3-Session7/ros2_ws/install/my_interface/include/my_interface/my_interface/srv/detail
[8.991s] -- Installing: /home/anthonyubuntu/Desktop/inmind/session7/Anthony-Moundalak-ROS2-Assignment-Turtlebot3-Session7/ros2_ws/install/my_interface/include/my_interface/my_interface/srv/detail/find_closest_wall__rosidl_typesupport_introspection_c.h
[8.991s] -- Installing: /home/anthonyubuntu/Desktop/inmind/session7/Anthony-Moundalak-ROS2-Assignment-Turtlebot3-Session7/ros2_ws/install/my_interface/include/my_interface/my_interface/srv/detail/find_closest_wall__type_support.c
[8.991s] -- Up-to-date: /home/anthonyubuntu/Desktop/inmind/session7/Anthony-Moundalak-ROS2-Assignment-Turtlebot3-Session7/ros2_ws/install/my_interface/include/my_interface/my_interface/msg
[8.991s] -- Installing: /home/anthonyubuntu/Desktop/inmind/session7/Anthony-Moundalak-ROS2-Assignment-Turtlebot3-Session7/ros2_ws/install/my_interface/include/my_interface/my_interface/msg/rosidl_typesupport_introspection_c__visibility_control.h
[8.991s] -- Up-to-date: /home/anthonyubuntu/Desktop/inmind/session7/Anthony-Moundalak-ROS2-Assignment-Turtlebot3-Session7/ros2_ws/install/my_interface/include/my_interface/my_interface/action
[8.991s] -- Up-to-date: /home/anthonyubuntu/Desktop/inmind/session7/Anthony-Moundalak-ROS2-Assignment-Turtlebot3-Session7/ros2_ws/install/my_interface/include/my_interface/my_interface/action/detail
[8.991s] -- Installing: /home/anthonyubuntu/Desktop/inmind/session7/Anthony-Moundalak-ROS2-Assignment-Turtlebot3-Session7/ros2_ws/install/my_interface/include/my_interface/my_interface/action/detail/measure_lap_time__type_support.c
[8.991s] -- Installing: /home/anthonyubuntu/Desktop/inmind/session7/Anthony-Moundalak-ROS2-Assignment-Turtlebot3-Session7/ros2_ws/install/my_interface/include/my_interface/my_interface/action/detail/measure_lap_time__rosidl_typesupport_introspection_c.h
[8.992s] -- Installing: /home/anthonyubuntu/Desktop/inmind/session7/Anthony-Moundalak-ROS2-Assignment-Turtlebot3-Session7/ros2_ws/install/my_interface/lib/libmy_interface__rosidl_typesupport_introspection_c.so
[8.992s] -- Set runtime path of "/home/anthonyubuntu/Desktop/inmind/session7/Anthony-Moundalak-ROS2-Assignment-Turtlebot3-Session7/ros2_ws/install/my_interface/lib/libmy_interface__rosidl_typesupport_introspection_c.so" to ""
[8.992s] -- Installing: /home/anthonyubuntu/Desktop/inmind/session7/Anthony-Moundalak-ROS2-Assignment-Turtlebot3-Session7/ros2_ws/install/my_interface/lib/libmy_interface__rosidl_typesupport_c.so
[8.992s] -- Set runtime path of "/home/anthonyubuntu/Desktop/inmind/session7/Anthony-Moundalak-ROS2-Assignment-Turtlebot3-Session7/ros2_ws/install/my_interface/lib/libmy_interface__rosidl_typesupport_c.so" to ""
[8.992s] -- Up-to-date: /home/anthonyubuntu/Desktop/inmind/session7/Anthony-Moundalak-ROS2-Assignment-Turtlebot3-Session7/ros2_ws/install/my_interface/include/my_interface/my_interface
[8.993s] -- Up-to-date: /home/anthonyubuntu/Desktop/inmind/session7/Anthony-Moundalak-ROS2-Assignment-Turtlebot3-Session7/ros2_ws/install/my_interface/include/my_interface/my_interface/srv
[8.993s] -- Up-to-date: /home/anthonyubuntu/Desktop/inmind/session7/Anthony-Moundalak-ROS2-Assignment-Turtlebot3-Session7/ros2_ws/install/my_interface/include/my_interface/my_interface/srv/detail
[8.993s] -- Installing: /home/anthonyubuntu/Desktop/inmind/session7/Anthony-Moundalak-ROS2-Assignment-Turtlebot3-Session7/ros2_ws/install/my_interface/include/my_interface/my_interface/srv/detail/find_closest_wall__builder.hpp
[8.993s] -- Installing: /home/anthonyubuntu/Desktop/inmind/session7/Anthony-Moundalak-ROS2-Assignment-Turtlebot3-Session7/ros2_ws/install/my_interface/include/my_interface/my_interface/srv/detail/find_closest_wall__traits.hpp
[8.993s] -- Installing: /home/anthonyubuntu/Desktop/inmind/session7/Anthony-Moundalak-ROS2-Assignment-Turtlebot3-Session7/ros2_ws/install/my_interface/include/my_interface/my_interface/srv/detail/find_closest_wall__struct.hpp
[8.993s] -- Installing: /home/anthonyubuntu/Desktop/inmind/session7/Anthony-Moundalak-ROS2-Assignment-Turtlebot3-Session7/ros2_ws/install/my_interface/include/my_interface/my_interface/srv/find_closest_wall.hpp
[8.993s] -- Up-to-date: /home/anthonyubuntu/Desktop/inmind/session7/Anthony-Moundalak-ROS2-Assignment-Turtlebot3-Session7/ros2_ws/install/my_interface/include/my_interface/my_interface/action
[8.994s] -- Up-to-date: /home/anthonyubuntu/Desktop/inmind/session7/Anthony-Moundalak-ROS2-Assignment-Turtlebot3-Session7/ros2_ws/install/my_interface/include/my_interface/my_interface/action/detail
[8.994s] -- Installing: /home/anthonyubuntu/Desktop/inmind/session7/Anthony-Moundalak-ROS2-Assignment-Turtlebot3-Session7/ros2_ws/install/my_interface/include/my_interface/my_interface/action/detail/measure_lap_time__struct.hpp
[8.994s] -- Installing: /home/anthonyubuntu/Desktop/inmind/session7/Anthony-Moundalak-ROS2-Assignment-Turtlebot3-Session7/ros2_ws/install/my_interface/include/my_interface/my_interface/action/detail/measure_lap_time__builder.hpp
[8.994s] -- Installing: /home/anthonyubuntu/Desktop/inmind/session7/Anthony-Moundalak-ROS2-Assignment-Turtlebot3-Session7/ros2_ws/install/my_interface/include/my_interface/my_interface/action/detail/measure_lap_time__traits.hpp
[8.994s] -- Installing: /home/anthonyubuntu/Desktop/inmind/session7/Anthony-Moundalak-ROS2-Assignment-Turtlebot3-Session7/ros2_ws/install/my_interface/include/my_interface/my_interface/action/measure_lap_time.hpp
[8.994s] -- Up-to-date: /home/anthonyubuntu/Desktop/inmind/session7/Anthony-Moundalak-ROS2-Assignment-Turtlebot3-Session7/ros2_ws/install/my_interface/include/my_interface/my_interface
[8.994s] -- Up-to-date: /home/anthonyubuntu/Desktop/inmind/session7/Anthony-Moundalak-ROS2-Assignment-Turtlebot3-Session7/ros2_ws/install/my_interface/include/my_interface/my_interface/srv
[8.994s] -- Up-to-date: /home/anthonyubuntu/Desktop/inmind/session7/Anthony-Moundalak-ROS2-Assignment-Turtlebot3-Session7/ros2_ws/install/my_interface/include/my_interface/my_interface/srv/detail
[8.995s] -- Installing: /home/anthonyubuntu/Desktop/inmind/session7/Anthony-Moundalak-ROS2-Assignment-Turtlebot3-Session7/ros2_ws/install/my_interface/include/my_interface/my_interface/srv/detail/find_closest_wall__rosidl_typesupport_fastrtps_cpp.hpp
[8.995s] -- Installing: /home/anthonyubuntu/Desktop/inmind/session7/Anthony-Moundalak-ROS2-Assignment-Turtlebot3-Session7/ros2_ws/install/my_interface/include/my_interface/my_interface/srv/detail/dds_fastrtps
[8.995s] -- Up-to-date: /home/anthonyubuntu/Desktop/inmind/session7/Anthony-Moundalak-ROS2-Assignment-Turtlebot3-Session7/ros2_ws/install/my_interface/include/my_interface/my_interface/msg
[8.995s] -- Installing: /home/anthonyubuntu/Desktop/inmind/session7/Anthony-Moundalak-ROS2-Assignment-Turtlebot3-Session7/ros2_ws/install/my_interface/include/my_interface/my_interface/msg/rosidl_typesupport_fastrtps_cpp__visibility_control.h
[8.995s] -- Up-to-date: /home/anthonyubuntu/Desktop/inmind/session7/Anthony-Moundalak-ROS2-Assignment-Turtlebot3-Session7/ros2_ws/install/my_interface/include/my_interface/my_interface/action
[8.995s] -- Up-to-date: /home/anthonyubuntu/Desktop/inmind/session7/Anthony-Moundalak-ROS2-Assignment-Turtlebot3-Session7/ros2_ws/install/my_interface/include/my_interface/my_interface/action/detail
[8.995s] -- Installing: /home/anthonyubuntu/Desktop/inmind/session7/Anthony-Moundalak-ROS2-Assignment-Turtlebot3-Session7/ros2_ws/install/my_interface/include/my_interface/my_interface/action/detail/measure_lap_time__rosidl_typesupport_fastrtps_cpp.hpp
[8.996s] -- Installing: /home/anthonyubuntu/Desktop/inmind/session7/Anthony-Moundalak-ROS2-Assignment-Turtlebot3-Session7/ros2_ws/install/my_interface/include/my_interface/my_interface/action/detail/dds_fastrtps
[8.996s] -- Installing: /home/anthonyubuntu/Desktop/inmind/session7/Anthony-Moundalak-ROS2-Assignment-Turtlebot3-Session7/ros2_ws/install/my_interface/lib/libmy_interface__rosidl_typesupport_fastrtps_cpp.so
[8.996s] -- Set runtime path of "/home/anthonyubuntu/Desktop/inmind/session7/Anthony-Moundalak-ROS2-Assignment-Turtlebot3-Session7/ros2_ws/install/my_interface/lib/libmy_interface__rosidl_typesupport_fastrtps_cpp.so" to ""
[8.996s] -- Up-to-date: /home/anthonyubuntu/Desktop/inmind/session7/Anthony-Moundalak-ROS2-Assignment-Turtlebot3-Session7/ros2_ws/install/my_interface/include/my_interface/my_interface
[8.996s] -- Up-to-date: /home/anthonyubuntu/Desktop/inmind/session7/Anthony-Moundalak-ROS2-Assignment-Turtlebot3-Session7/ros2_ws/install/my_interface/include/my_interface/my_interface/srv
[8.996s] -- Up-to-date: /home/anthonyubuntu/Desktop/inmind/session7/Anthony-Moundalak-ROS2-Assignment-Turtlebot3-Session7/ros2_ws/install/my_interface/include/my_interface/my_interface/srv/detail
[8.996s] -- Installing: /home/anthonyubuntu/Desktop/inmind/session7/Anthony-Moundalak-ROS2-Assignment-Turtlebot3-Session7/ros2_ws/install/my_interface/include/my_interface/my_interface/srv/detail/find_closest_wall__type_support.cpp
[8.996s] -- Installing: /home/anthonyubuntu/Desktop/inmind/session7/Anthony-Moundalak-ROS2-Assignment-Turtlebot3-Session7/ros2_ws/install/my_interface/include/my_interface/my_interface/srv/detail/find_closest_wall__rosidl_typesupport_introspection_cpp.hpp
[8.996s] -- Up-to-date: /home/anthonyubuntu/Desktop/inmind/session7/Anthony-Moundalak-ROS2-Assignment-Turtlebot3-Session7/ros2_ws/install/my_interface/include/my_interface/my_interface/action
[8.996s] -- Up-to-date: /home/anthonyubuntu/Desktop/inmind/session7/Anthony-Moundalak-ROS2-Assignment-Turtlebot3-Session7/ros2_ws/install/my_interface/include/my_interface/my_interface/action/detail
[8.997s] -- Installing: /home/anthonyubuntu/Desktop/inmind/session7/Anthony-Moundalak-ROS2-Assignment-Turtlebot3-Session7/ros2_ws/install/my_interface/include/my_interface/my_interface/action/detail/measure_lap_time__rosidl_typesupport_introspection_cpp.hpp
[8.997s] -- Installing: /home/anthonyubuntu/Desktop/inmind/session7/Anthony-Moundalak-ROS2-Assignment-Turtlebot3-Session7/ros2_ws/install/my_interface/include/my_interface/my_interface/action/detail/measure_lap_time__type_support.cpp
[8.997s] -- Installing: /home/anthonyubuntu/Desktop/inmind/session7/Anthony-Moundalak-ROS2-Assignment-Turtlebot3-Session7/ros2_ws/install/my_interface/lib/libmy_interface__rosidl_typesupport_introspection_cpp.so
[8.997s] -- Set runtime path of "/home/anthonyubuntu/Desktop/inmind/session7/Anthony-Moundalak-ROS2-Assignment-Turtlebot3-Session7/ros2_ws/install/my_interface/lib/libmy_interface__rosidl_typesupport_introspection_cpp.so" to ""
[8.997s] -- Installing: /home/anthonyubuntu/Desktop/inmind/session7/Anthony-Moundalak-ROS2-Assignment-Turtlebot3-Session7/ros2_ws/install/my_interface/lib/libmy_interface__rosidl_typesupport_cpp.so
[8.997s] -- Set runtime path of "/home/anthonyubuntu/Desktop/inmind/session7/Anthony-Moundalak-ROS2-Assignment-Turtlebot3-Session7/ros2_ws/install/my_interface/lib/libmy_interface__rosidl_typesupport_cpp.so" to ""
[8.997s] -- Installing: /home/anthonyubuntu/Desktop/inmind/session7/Anthony-Moundalak-ROS2-Assignment-Turtlebot3-Session7/ros2_ws/install/my_interface/share/my_interface/environment/pythonpath.sh
[8.997s] -- Installing: /home/anthonyubuntu/Desktop/inmind/session7/Anthony-Moundalak-ROS2-Assignment-Turtlebot3-Session7/ros2_ws/install/my_interface/share/my_interface/environment/pythonpath.dsv
[8.998s] -- Installing: /home/anthonyubuntu/Desktop/inmind/session7/Anthony-Moundalak-ROS2-Assignment-Turtlebot3-Session7/ros2_ws/install/my_interface/local/lib/python3.10/dist-packages/my_interface-0.0.0-py3.10.egg-info
[8.998s] -- Installing: /home/anthonyubuntu/Desktop/inmind/session7/Anthony-Moundalak-ROS2-Assignment-Turtlebot3-Session7/ros2_ws/install/my_interface/local/lib/python3.10/dist-packages/my_interface-0.0.0-py3.10.egg-info/dependency_links.txt
[8.998s] -- Installing: /home/anthonyubuntu/Desktop/inmind/session7/Anthony-Moundalak-ROS2-Assignment-Turtlebot3-Session7/ros2_ws/install/my_interface/local/lib/python3.10/dist-packages/my_interface-0.0.0-py3.10.egg-info/top_level.txt
[8.998s] -- Installing: /home/anthonyubuntu/Desktop/inmind/session7/Anthony-Moundalak-ROS2-Assignment-Turtlebot3-Session7/ros2_ws/install/my_interface/local/lib/python3.10/dist-packages/my_interface-0.0.0-py3.10.egg-info/PKG-INFO
[8.998s] -- Installing: /home/anthonyubuntu/Desktop/inmind/session7/Anthony-Moundalak-ROS2-Assignment-Turtlebot3-Session7/ros2_ws/install/my_interface/local/lib/python3.10/dist-packages/my_interface-0.0.0-py3.10.egg-info/SOURCES.txt
[8.998s] -- Installing: /home/anthonyubuntu/Desktop/inmind/session7/Anthony-Moundalak-ROS2-Assignment-Turtlebot3-Session7/ros2_ws/install/my_interface/local/lib/python3.10/dist-packages/my_interface
[8.998s] -- Installing: /home/anthonyubuntu/Desktop/inmind/session7/Anthony-Moundalak-ROS2-Assignment-Turtlebot3-Session7/ros2_ws/install/my_interface/local/lib/python3.10/dist-packages/my_interface/__init__.py
[8.998s] -- Installing: /home/anthonyubuntu/Desktop/inmind/session7/Anthony-Moundalak-ROS2-Assignment-Turtlebot3-Session7/ros2_ws/install/my_interface/local/lib/python3.10/dist-packages/my_interface/srv
[8.998s] -- Installing: /home/anthonyubuntu/Desktop/inmind/session7/Anthony-Moundalak-ROS2-Assignment-Turtlebot3-Session7/ros2_ws/install/my_interface/local/lib/python3.10/dist-packages/my_interface/srv/_find_closest_wall.py
[8.999s] -- Installing: /home/anthonyubuntu/Desktop/inmind/session7/Anthony-Moundalak-ROS2-Assignment-Turtlebot3-Session7/ros2_ws/install/my_interface/local/lib/python3.10/dist-packages/my_interface/srv/__init__.py
[8.999s] -- Installing: /home/anthonyubuntu/Desktop/inmind/session7/Anthony-Moundalak-ROS2-Assignment-Turtlebot3-Session7/ros2_ws/install/my_interface/local/lib/python3.10/dist-packages/my_interface/srv/_find_closest_wall_s.c
[8.999s] -- Installing: /home/anthonyubuntu/Desktop/inmind/session7/Anthony-Moundalak-ROS2-Assignment-Turtlebot3-Session7/ros2_ws/install/my_interface/local/lib/python3.10/dist-packages/my_interface/my_interface_s__rosidl_typesupport_fastrtps_c.cpython-310-x86_64-linux-gnu.so
[8.999s] -- Installing: /home/anthonyubuntu/Desktop/inmind/session7/Anthony-Moundalak-ROS2-Assignment-Turtlebot3-Session7/ros2_ws/install/my_interface/local/lib/python3.10/dist-packages/my_interface/my_interface_s__rosidl_typesupport_c.cpython-310-x86_64-linux-gnu.so
[8.999s] -- Installing: /home/anthonyubuntu/Desktop/inmind/session7/Anthony-Moundalak-ROS2-Assignment-Turtlebot3-Session7/ros2_ws/install/my_interface/local/lib/python3.10/dist-packages/my_interface/_my_interface_s.ep.rosidl_typesupport_introspection_c.c
[8.999s] -- Installing: /home/anthonyubuntu/Desktop/inmind/session7/Anthony-Moundalak-ROS2-Assignment-Turtlebot3-Session7/ros2_ws/install/my_interface/local/lib/python3.10/dist-packages/my_interface/libmy_interface__rosidl_generator_py.so
[8.999s] -- Installing: /home/anthonyubuntu/Desktop/inmind/session7/Anthony-Moundalak-ROS2-Assignment-Turtlebot3-Session7/ros2_ws/install/my_interface/local/lib/python3.10/dist-packages/my_interface/my_interface_s__rosidl_typesupport_introspection_c.cpython-310-x86_64-linux-gnu.so
[8.999s] -- Installing: /home/anthonyubuntu/Desktop/inmind/session7/Anthony-Moundalak-ROS2-Assignment-Turtlebot3-Session7/ros2_ws/install/my_interface/local/lib/python3.10/dist-packages/my_interface/_my_interface_s.ep.rosidl_typesupport_c.c
[8.999s] -- Installing: /home/anthonyubuntu/Desktop/inmind/session7/Anthony-Moundalak-ROS2-Assignment-Turtlebot3-Session7/ros2_ws/install/my_interface/local/lib/python3.10/dist-packages/my_interface/_my_interface_s.ep.rosidl_typesupport_fastrtps_c.c
[9.000s] -- Installing: /home/anthonyubuntu/Desktop/inmind/session7/Anthony-Moundalak-ROS2-Assignment-Turtlebot3-Session7/ros2_ws/install/my_interface/local/lib/python3.10/dist-packages/my_interface/action
[9.000s] -- Installing: /home/anthonyubuntu/Desktop/inmind/session7/Anthony-Moundalak-ROS2-Assignment-Turtlebot3-Session7/ros2_ws/install/my_interface/local/lib/python3.10/dist-packages/my_interface/action/__init__.py
[9.000s] -- Installing: /home/anthonyubuntu/Desktop/inmind/session7/Anthony-Moundalak-ROS2-Assignment-Turtlebot3-Session7/ros2_ws/install/my_interface/local/lib/python3.10/dist-packages/my_interface/action/_measure_lap_time.py
[9.000s] -- Installing: /home/anthonyubuntu/Desktop/inmind/session7/Anthony-Moundalak-ROS2-Assignment-Turtlebot3-Session7/ros2_ws/install/my_interface/local/lib/python3.10/dist-packages/my_interface/action/_measure_lap_time_s.c
[9.045s] Listing '/home/anthonyubuntu/Desktop/inmind/session7/Anthony-Moundalak-ROS2-Assignment-Turtlebot3-Session7/ros2_ws/install/my_interface/local/lib/python3.10/dist-packages/my_interface'...
[9.045s] Compiling '/home/anthonyubuntu/Desktop/inmind/session7/Anthony-Moundalak-ROS2-Assignment-Turtlebot3-Session7/ros2_ws/install/my_interface/local/lib/python3.10/dist-packages/my_interface/__init__.py'...
[9.045s] Listing '/home/anthonyubuntu/Desktop/inmind/session7/Anthony-Moundalak-ROS2-Assignment-Turtlebot3-Session7/ros2_ws/install/my_interface/local/lib/python3.10/dist-packages/my_interface/action'...
[9.045s] Compiling '/home/anthonyubuntu/Desktop/inmind/session7/Anthony-Moundalak-ROS2-Assignment-Turtlebot3-Session7/ros2_ws/install/my_interface/local/lib/python3.10/dist-packages/my_interface/action/__init__.py'...
[9.045s] Compiling '/home/anthonyubuntu/Desktop/inmind/session7/Anthony-Moundalak-ROS2-Assignment-Turtlebot3-Session7/ros2_ws/install/my_interface/local/lib/python3.10/dist-packages/my_interface/action/_measure_lap_time.py'...
[9.045s] Listing '/home/anthonyubuntu/Desktop/inmind/session7/Anthony-Moundalak-ROS2-Assignment-Turtlebot3-Session7/ros2_ws/install/my_interface/local/lib/python3.10/dist-packages/my_interface/srv'...
[9.045s] Compiling '/home/anthonyubuntu/Desktop/inmind/session7/Anthony-Moundalak-ROS2-Assignment-Turtlebot3-Session7/ros2_ws/install/my_interface/local/lib/python3.10/dist-packages/my_interface/srv/__init__.py'...
[9.045s] Compiling '/home/anthonyubuntu/Desktop/inmind/session7/Anthony-Moundalak-ROS2-Assignment-Turtlebot3-Session7/ros2_ws/install/my_interface/local/lib/python3.10/dist-packages/my_interface/srv/_find_closest_wall.py'...
[9.050s] -- Installing: /home/anthonyubuntu/Desktop/inmind/session7/Anthony-Moundalak-ROS2-Assignment-Turtlebot3-Session7/ros2_ws/install/my_interface/local/lib/python3.10/dist-packages/my_interface/my_interface_s__rosidl_typesupport_fastrtps_c.cpython-310-x86_64-linux-gnu.so
[9.050s] -- Set runtime path of "/home/anthonyubuntu/Desktop/inmind/session7/Anthony-Moundalak-ROS2-Assignment-Turtlebot3-Session7/ros2_ws/install/my_interface/local/lib/python3.10/dist-packages/my_interface/my_interface_s__rosidl_typesupport_fastrtps_c.cpython-310-x86_64-linux-gnu.so" to ""
[9.050s] -- Installing: /home/anthonyubuntu/Desktop/inmind/session7/Anthony-Moundalak-ROS2-Assignment-Turtlebot3-Session7/ros2_ws/install/my_interface/local/lib/python3.10/dist-packages/my_interface/my_interface_s__rosidl_typesupport_introspection_c.cpython-310-x86_64-linux-gnu.so
[9.051s] -- Set runtime path of "/home/anthonyubuntu/Desktop/inmind/session7/Anthony-Moundalak-ROS2-Assignment-Turtlebot3-Session7/ros2_ws/install/my_interface/local/lib/python3.10/dist-packages/my_interface/my_interface_s__rosidl_typesupport_introspection_c.cpython-310-x86_64-linux-gnu.so" to ""
[9.051s] -- Installing: /home/anthonyubuntu/Desktop/inmind/session7/Anthony-Moundalak-ROS2-Assignment-Turtlebot3-Session7/ros2_ws/install/my_interface/local/lib/python3.10/dist-packages/my_interface/my_interface_s__rosidl_typesupport_c.cpython-310-x86_64-linux-gnu.so
[9.051s] -- Set runtime path of "/home/anthonyubuntu/Desktop/inmind/session7/Anthony-Moundalak-ROS2-Assignment-Turtlebot3-Session7/ros2_ws/install/my_interface/local/lib/python3.10/dist-packages/my_interface/my_interface_s__rosidl_typesupport_c.cpython-310-x86_64-linux-gnu.so" to ""
[9.051s] -- Installing: /home/anthonyubuntu/Desktop/inmind/session7/Anthony-Moundalak-ROS2-Assignment-Turtlebot3-Session7/ros2_ws/install/my_interface/lib/libmy_interface__rosidl_generator_py.so
[9.051s] -- Set runtime path of "/home/anthonyubuntu/Desktop/inmind/session7/Anthony-Moundalak-ROS2-Assignment-Turtlebot3-Session7/ros2_ws/install/my_interface/lib/libmy_interface__rosidl_generator_py.so" to ""
[9.051s] -- Installing: /home/anthonyubuntu/Desktop/inmind/session7/Anthony-Moundalak-ROS2-Assignment-Turtlebot3-Session7/ros2_ws/install/my_interface/share/my_interface/action/MeasureLapTime.idl
[9.052s] -- Installing: /home/anthonyubuntu/Desktop/inmind/session7/Anthony-Moundalak-ROS2-Assignment-Turtlebot3-Session7/ros2_ws/install/my_interface/share/my_interface/srv/FindClosestWall.idl
[9.052s] -- Installing: /home/anthonyubuntu/Desktop/inmind/session7/Anthony-Moundalak-ROS2-Assignment-Turtlebot3-Session7/ros2_ws/install/my_interface/share/my_interface/action/MeasureLapTime.action
[9.052s] -- Installing: /home/anthonyubuntu/Desktop/inmind/session7/Anthony-Moundalak-ROS2-Assignment-Turtlebot3-Session7/ros2_ws/install/my_interface/share/my_interface/srv/FindClosestWall.srv
[9.052s] -- Installing: /home/anthonyubuntu/Desktop/inmind/session7/Anthony-Moundalak-ROS2-Assignment-Turtlebot3-Session7/ros2_ws/install/my_interface/share/my_interface/srv/FindClosestWall_Request.msg
[9.053s] -- Installing: /home/anthonyubuntu/Desktop/inmind/session7/Anthony-Moundalak-ROS2-Assignment-Turtlebot3-Session7/ros2_ws/install/my_interface/share/my_interface/srv/FindClosestWall_Response.msg
[9.053s] -- Installing: /home/anthonyubuntu/Desktop/inmind/session7/Anthony-Moundalak-ROS2-Assignment-Turtlebot3-Session7/ros2_ws/install/my_interface/share/ament_index/resource_index/package_run_dependencies/my_interface
[9.053s] -- Installing: /home/anthonyubuntu/Desktop/inmind/session7/Anthony-Moundalak-ROS2-Assignment-Turtlebot3-Session7/ros2_ws/install/my_interface/share/ament_index/resource_index/parent_prefix_path/my_interface
[9.053s] -- Installing: /home/anthonyubuntu/Desktop/inmind/session7/Anthony-Moundalak-ROS2-Assignment-Turtlebot3-Session7/ros2_ws/install/my_interface/share/my_interface/environment/ament_prefix_path.sh
[9.053s] -- Installing: /home/anthonyubuntu/Desktop/inmind/session7/Anthony-Moundalak-ROS2-Assignment-Turtlebot3-Session7/ros2_ws/install/my_interface/share/my_interface/environment/ament_prefix_path.dsv
[9.054s] -- Installing: /home/anthonyubuntu/Desktop/inmind/session7/Anthony-Moundalak-ROS2-Assignment-Turtlebot3-Session7/ros2_ws/install/my_interface/share/my_interface/environment/path.sh
[9.054s] -- Installing: /home/anthonyubuntu/Desktop/inmind/session7/Anthony-Moundalak-ROS2-Assignment-Turtlebot3-Session7/ros2_ws/install/my_interface/share/my_interface/environment/path.dsv
[9.054s] -- Installing: /home/anthonyubuntu/Desktop/inmind/session7/Anthony-Moundalak-ROS2-Assignment-Turtlebot3-Session7/ros2_ws/install/my_interface/share/my_interface/local_setup.bash
[9.054s] -- Installing: /home/anthonyubuntu/Desktop/inmind/session7/Anthony-Moundalak-ROS2-Assignment-Turtlebot3-Session7/ros2_ws/install/my_interface/share/my_interface/local_setup.sh
[9.055s] -- Installing: /home/anthonyubuntu/Desktop/inmind/session7/Anthony-Moundalak-ROS2-Assignment-Turtlebot3-Session7/ros2_ws/install/my_interface/share/my_interface/local_setup.zsh
[9.055s] -- Installing: /home/anthonyubuntu/Desktop/inmind/session7/Anthony-Moundalak-ROS2-Assignment-Turtlebot3-Session7/ros2_ws/install/my_interface/share/my_interface/local_setup.dsv
[9.055s] -- Installing: /home/anthonyubuntu/Desktop/inmind/session7/Anthony-Moundalak-ROS2-Assignment-Turtlebot3-Session7/ros2_ws/install/my_interface/share/my_interface/package.dsv
[9.055s] -- Installing: /home/anthonyubuntu/Desktop/inmind/session7/Anthony-Moundalak-ROS2-Assignment-Turtlebot3-Session7/ros2_ws/install/my_interface/share/ament_index/resource_index/packages/my_interface
[9.056s] -- Installing: /home/anthonyubuntu/Desktop/inmind/session7/Anthony-Moundalak-ROS2-Assignment-Turtlebot3-Session7/ros2_ws/install/my_interface/share/my_interface/cmake/export_my_interface__rosidl_generator_cExport.cmake
[9.056s] -- Installing: /home/anthonyubuntu/Desktop/inmind/session7/Anthony-Moundalak-ROS2-Assignment-Turtlebot3-Session7/ros2_ws/install/my_interface/share/my_interface/cmake/export_my_interface__rosidl_generator_cExport-noconfig.cmake
[9.056s] -- Installing: /home/anthonyubuntu/Desktop/inmind/session7/Anthony-Moundalak-ROS2-Assignment-Turtlebot3-Session7/ros2_ws/install/my_interface/share/my_interface/cmake/export_my_interface__rosidl_typesupport_fastrtps_cExport.cmake
[9.056s] -- Installing: /home/anthonyubuntu/Desktop/inmind/session7/Anthony-Moundalak-ROS2-Assignment-Turtlebot3-Session7/ros2_ws/install/my_interface/share/my_interface/cmake/export_my_interface__rosidl_typesupport_fastrtps_cExport-noconfig.cmake
[9.057s] -- Installing: /home/anthonyubuntu/Desktop/inmind/session7/Anthony-Moundalak-ROS2-Assignment-Turtlebot3-Session7/ros2_ws/install/my_interface/share/my_interface/cmake/my_interface__rosidl_typesupport_introspection_cExport.cmake
[9.057s] -- Installing: /home/anthonyubuntu/Desktop/inmind/session7/Anthony-Moundalak-ROS2-Assignment-Turtlebot3-Session7/ros2_ws/install/my_interface/share/my_interface/cmake/my_interface__rosidl_typesupport_introspection_cExport-noconfig.cmake
[9.057s] -- Installing: /home/anthonyubuntu/Desktop/inmind/session7/Anthony-Moundalak-ROS2-Assignment-Turtlebot3-Session7/ros2_ws/install/my_interface/share/my_interface/cmake/my_interface__rosidl_typesupport_cExport.cmake
[9.058s] -- Installing: /home/anthonyubuntu/Desktop/inmind/session7/Anthony-Moundalak-ROS2-Assignment-Turtlebot3-Session7/ros2_ws/install/my_interface/share/my_interface/cmake/my_interface__rosidl_typesupport_cExport-noconfig.cmake
[9.058s] -- Installing: /home/anthonyubuntu/Desktop/inmind/session7/Anthony-Moundalak-ROS2-Assignment-Turtlebot3-Session7/ros2_ws/install/my_interface/share/my_interface/cmake/export_my_interface__rosidl_generator_cppExport.cmake
[9.058s] -- Installing: /home/anthonyubuntu/Desktop/inmind/session7/Anthony-Moundalak-ROS2-Assignment-Turtlebot3-Session7/ros2_ws/install/my_interface/share/my_interface/cmake/export_my_interface__rosidl_typesupport_fastrtps_cppExport.cmake
[9.059s] -- Installing: /home/anthonyubuntu/Desktop/inmind/session7/Anthony-Moundalak-ROS2-Assignment-Turtlebot3-Session7/ros2_ws/install/my_interface/share/my_interface/cmake/export_my_interface__rosidl_typesupport_fastrtps_cppExport-noconfig.cmake
[9.059s] -- Installing: /home/anthonyubuntu/Desktop/inmind/session7/Anthony-Moundalak-ROS2-Assignment-Turtlebot3-Session7/ros2_ws/install/my_interface/share/my_interface/cmake/my_interface__rosidl_typesupport_introspection_cppExport.cmake
[9.059s] -- Installing: /home/anthonyubuntu/Desktop/inmind/session7/Anthony-Moundalak-ROS2-Assignment-Turtlebot3-Session7/ros2_ws/install/my_interface/share/my_interface/cmake/my_interface__rosidl_typesupport_introspection_cppExport-noconfig.cmake
[9.059s] -- Installing: /home/anthonyubuntu/Desktop/inmind/session7/Anthony-Moundalak-ROS2-Assignment-Turtlebot3-Session7/ros2_ws/install/my_interface/share/my_interface/cmake/my_interface__rosidl_typesupport_cppExport.cmake
[9.059s] -- Installing: /home/anthonyubuntu/Desktop/inmind/session7/Anthony-Moundalak-ROS2-Assignment-Turtlebot3-Session7/ros2_ws/install/my_interface/share/my_interface/cmake/my_interface__rosidl_typesupport_cppExport-noconfig.cmake
[9.059s] -- Installing: /home/anthonyubuntu/Desktop/inmind/session7/Anthony-Moundalak-ROS2-Assignment-Turtlebot3-Session7/ros2_ws/install/my_interface/share/my_interface/cmake/export_my_interface__rosidl_generator_pyExport.cmake
[9.060s] -- Installing: /home/anthonyubuntu/Desktop/inmind/session7/Anthony-Moundalak-ROS2-Assignment-Turtlebot3-Session7/ros2_ws/install/my_interface/share/my_interface/cmake/export_my_interface__rosidl_generator_pyExport-noconfig.cmake
[9.060s] -- Installing: /home/anthonyubuntu/Desktop/inmind/session7/Anthony-Moundalak-ROS2-Assignment-Turtlebot3-Session7/ros2_ws/install/my_interface/share/my_interface/cmake/rosidl_cmake-extras.cmake
[9.060s] -- Installing: /home/anthonyubuntu/Desktop/inmind/session7/Anthony-Moundalak-ROS2-Assignment-Turtlebot3-Session7/ros2_ws/install/my_interface/share/my_interface/cmake/ament_cmake_export_dependencies-extras.cmake
[9.060s] -- Installing: /home/anthonyubuntu/Desktop/inmind/session7/Anthony-Moundalak-ROS2-Assignment-Turtlebot3-Session7/ros2_ws/install/my_interface/share/my_interface/cmake/ament_cmake_export_include_directories-extras.cmake
[9.060s] -- Installing: /home/anthonyubuntu/Desktop/inmind/session7/Anthony-Moundalak-ROS2-Assignment-Turtlebot3-Session7/ros2_ws/install/my_interface/share/my_interface/cmake/ament_cmake_export_libraries-extras.cmake
[9.060s] -- Installing: /home/anthonyubuntu/Desktop/inmind/session7/Anthony-Moundalak-ROS2-Assignment-Turtlebot3-Session7/ros2_ws/install/my_interface/share/my_interface/cmake/ament_cmake_export_targets-extras.cmake
[9.060s] -- Installing: /home/anthonyubuntu/Desktop/inmind/session7/Anthony-Moundalak-ROS2-Assignment-Turtlebot3-Session7/ros2_ws/install/my_interface/share/my_interface/cmake/rosidl_cmake_export_typesupport_targets-extras.cmake
[9.060s] -- Installing: /home/anthonyubuntu/Desktop/inmind/session7/Anthony-Moundalak-ROS2-Assignment-Turtlebot3-Session7/ros2_ws/install/my_interface/share/my_interface/cmake/rosidl_cmake_export_typesupport_libraries-extras.cmake
[9.060s] -- Installing: /home/anthonyubuntu/Desktop/inmind/session7/Anthony-Moundalak-ROS2-Assignment-Turtlebot3-Session7/ros2_ws/install/my_interface/share/my_interface/cmake/my_interfaceConfig.cmake
[9.060s] -- Installing: /home/anthonyubuntu/Desktop/inmind/session7/Anthony-Moundalak-ROS2-Assignment-Turtlebot3-Session7/ros2_ws/install/my_interface/share/my_interface/cmake/my_interfaceConfig-version.cmake
[9.060s] -- Installing: /home/anthonyubuntu/Desktop/inmind/session7/Anthony-Moundalak-ROS2-Assignment-Turtlebot3-Session7/ros2_ws/install/my_interface/share/my_interface/package.xml
[9.063s] Invoked command in '/home/anthonyubuntu/Desktop/inmind/session7/Anthony-Moundalak-ROS2-Assignment-Turtlebot3-Session7/ros2_ws/build/my_interface' returned '0': CMAKE_PREFIX_PATH=/opt/ros/humble /usr/bin/cmake --install /home/anthonyubuntu/Desktop/inmind/session7/Anthony-Moundalak-ROS2-Assignment-Turtlebot3-Session7/ros2_ws/build/my_interface
