[4.415s] DEBUG:colcon:Command line arguments: ['/usr/bin/colcon', 'build']
[4.415s] DEBUG:colcon:Parsed command line arguments: Namespace(log_base=None, log_level=None, verb_name='build', build_base='build', install_base='install', merge_install=False, symlink_install=False, test_result_base=None, continue_on_error=False, executor='parallel', parallel_workers=4, event_handlers=None, ignore_user_meta=False, metas=['./colcon.meta'], base_paths=['.'], packages_ignore=None, packages_ignore_regex=None, paths=None, packages_up_to=None, packages_up_to_regex=None, packages_above=None, packages_above_and_dependencies=None, packages_above_depth=None, packages_select_by_dep=None, packages_skip_by_dep=None, packages_skip_up_to=None, packages_select_build_failed=False, packages_skip_build_finished=False, packages_select_test_failures=False, packages_skip_test_passed=False, packages_select=None, packages_skip=None, packages_select_regex=None, packages_skip_regex=None, packages_start=None, packages_end=None, allow_overriding=[], cmake_args=None, cmake_target=None, cmake_target_skip_unavailable=False, cmake_clean_cache=False, cmake_clean_first=False, cmake_force_configure=False, ament_cmake_args=None, catkin_cmake_args=None, catkin_skip_building_tests=False, mixin_files=None, mixin=None, verb_parser=<colcon_mixin.mixin.mixin_argument.MixinArgumentDecorator object at 0x7d1b59136b00>, verb_extension=<colcon_core.verb.build.BuildVerb object at 0x7d1b592ec190>, main=<bound method BuildVerb.main of <colcon_core.verb.build.BuildVerb object at 0x7d1b592ec190>>, mixin_verb=('build',))
[8.681s] Level 1:colcon.colcon_core.package_discovery:discover_packages(colcon_meta) check parameters
[8.681s] Level 1:colcon.colcon_core.package_discovery:discover_packages(recursive) check parameters
[8.681s] Level 1:colcon.colcon_core.package_discovery:discover_packages(ignore) check parameters
[8.681s] Level 1:colcon.colcon_core.package_discovery:discover_packages(path) check parameters
[8.682s] Level 1:colcon.colcon_core.package_discovery:discover_packages(colcon_meta) discover
[8.682s] Level 1:colcon.colcon_core.package_discovery:discover_packages(recursive) discover
[8.682s] INFO:colcon.colcon_core.package_discovery:Crawling recursively for packages in '/home/anthonyubuntu/Desktop/inmind/session7/Anthony-Moundalak-ROS2-Assignment-Turtlebot3-Session7/ros2_ws'
[8.682s] Level 1:colcon.colcon_core.package_identification:_identify(.) by extensions ['ignore', 'ignore_ament_install']
[8.682s] Level 1:colcon.colcon_core.package_identification:_identify(.) by extension 'ignore'
[8.682s] Level 1:colcon.colcon_core.package_identification:_identify(.) by extension 'ignore_ament_install'
[8.682s] Level 1:colcon.colcon_core.package_identification:_identify(.) by extensions ['colcon_pkg']
[8.682s] Level 1:colcon.colcon_core.package_identification:_identify(.) by extension 'colcon_pkg'
[8.682s] Level 1:colcon.colcon_core.package_identification:_identify(.) by extensions ['colcon_meta']
[8.682s] Level 1:colcon.colcon_core.package_identification:_identify(.) by extension 'colcon_meta'
[8.682s] Level 1:colcon.colcon_core.package_identification:_identify(.) by extensions ['ros']
[8.682s] Level 1:colcon.colcon_core.package_identification:_identify(.) by extension 'ros'
[8.715s] Level 1:colcon.colcon_core.package_identification:_identify(.) by extensions ['cmake', 'python']
[8.715s] Level 1:colcon.colcon_core.package_identification:_identify(.) by extension 'cmake'
[8.715s] Level 1:colcon.colcon_core.package_identification:_identify(.) by extension 'python'
[8.715s] Level 1:colcon.colcon_core.package_identification:_identify(.) by extensions ['python_setup_py']
[8.715s] Level 1:colcon.colcon_core.package_identification:_identify(.) by extension 'python_setup_py'
[8.715s] Level 1:colcon.colcon_core.package_identification:_identify(build) by extensions ['ignore', 'ignore_ament_install']
[8.715s] Level 1:colcon.colcon_core.package_identification:_identify(build) by extension 'ignore'
[8.716s] Level 1:colcon.colcon_core.package_identification:_identify(build) ignored
[8.716s] Level 1:colcon.colcon_core.package_identification:_identify(install) by extensions ['ignore', 'ignore_ament_install']
[8.716s] Level 1:colcon.colcon_core.package_identification:_identify(install) by extension 'ignore'
[8.716s] Level 1:colcon.colcon_core.package_identification:_identify(install) ignored
[8.716s] Level 1:colcon.colcon_core.package_identification:_identify(log) by extensions ['ignore', 'ignore_ament_install']
[8.716s] Level 1:colcon.colcon_core.package_identification:_identify(log) by extension 'ignore'
[8.716s] Level 1:colcon.colcon_core.package_identification:_identify(log) ignored
[8.716s] Level 1:colcon.colcon_core.package_discovery:discover_packages(recursive) using defaults
[8.716s] Level 1:colcon.colcon_core.package_discovery:discover_packages(ignore) discover
[8.716s] Level 1:colcon.colcon_core.package_discovery:discover_packages(ignore) using defaults
[8.716s] Level 1:colcon.colcon_core.package_discovery:discover_packages(path) discover
[8.716s] Level 1:colcon.colcon_core.package_discovery:discover_packages(path) using defaults
[8.947s] Level 1:colcon.colcon_core.package_discovery:discover_packages(prefix_path) check parameters
[8.947s] Level 1:colcon.colcon_core.package_discovery:discover_packages(prefix_path) discover
[8.954s] DEBUG:colcon.colcon_installed_package_information.package_discovery:Found 385 installed packages in /opt/ros/humble
[8.967s] Level 1:colcon.colcon_core.package_discovery:discover_packages(prefix_path) using defaults
[9.050s] INFO:colcon.colcon_core.executor:Executing jobs using 'parallel' executor
[9.051s] DEBUG:colcon.colcon_parallel_executor.executor.parallel:run_until_complete
[9.052s] DEBUG:colcon.colcon_parallel_executor.executor.parallel:closing loop
[9.052s] DEBUG:colcon.colcon_parallel_executor.executor.parallel:loop closed
[9.052s] DEBUG:colcon.colcon_parallel_executor.executor.parallel:run_until_complete finished with '0'
[9.052s] DEBUG:colcon.colcon_core.event_reactor:joining thread
[9.137s] INFO:colcon.colcon_core.plugin_system:Skipping extension 'colcon_notification.desktop_notification.terminal_notifier': Not used on non-Darwin systems
[9.137s] INFO:colcon.colcon_core.plugin_system:Skipping extension 'colcon_notification.desktop_notification.win32': Not used on non-Windows systems
[9.137s] INFO:colcon.colcon_notification.desktop_notification:Sending desktop notification using 'notify2'
[9.210s] DEBUG:colcon.colcon_core.event_reactor:joined thread
[9.224s] INFO:colcon.colcon_core.plugin_system:Skipping extension 'colcon_core.shell.bat': Not used on non-Windows systems
[9.225s] INFO:colcon.colcon_core.shell:Creating prefix script '/home/anthonyubuntu/Desktop/inmind/session7/Anthony-Moundalak-ROS2-Assignment-Turtlebot3-Session7/ros2_ws/install/local_setup.ps1'
[9.227s] INFO:colcon.colcon_core.shell:Creating prefix util module '/home/anthonyubuntu/Desktop/inmind/session7/Anthony-Moundalak-ROS2-Assignment-Turtlebot3-Session7/ros2_ws/install/_local_setup_util_ps1.py'
[9.286s] INFO:colcon.colcon_core.shell:Creating prefix chain script '/home/anthonyubuntu/Desktop/inmind/session7/Anthony-Moundalak-ROS2-Assignment-Turtlebot3-Session7/ros2_ws/install/setup.ps1'
[9.287s] INFO:colcon.colcon_core.shell:Creating prefix script '/home/anthonyubuntu/Desktop/inmind/session7/Anthony-Moundalak-ROS2-Assignment-Turtlebot3-Session7/ros2_ws/install/local_setup.sh'
[9.290s] INFO:colcon.colcon_core.shell:Creating prefix util module '/home/anthonyubuntu/Desktop/inmind/session7/Anthony-Moundalak-ROS2-Assignment-Turtlebot3-Session7/ros2_ws/install/_local_setup_util_sh.py'
[9.291s] INFO:colcon.colcon_core.shell:Creating prefix chain script '/home/anthonyubuntu/Desktop/inmind/session7/Anthony-Moundalak-ROS2-Assignment-Turtlebot3-Session7/ros2_ws/install/setup.sh'
[9.293s] INFO:colcon.colcon_core.shell:Creating prefix script '/home/anthonyubuntu/Desktop/inmind/session7/Anthony-Moundalak-ROS2-Assignment-Turtlebot3-Session7/ros2_ws/install/local_setup.bash'
[9.294s] INFO:colcon.colcon_core.shell:Creating prefix chain script '/home/anthonyubuntu/Desktop/inmind/session7/Anthony-Moundalak-ROS2-Assignment-Turtlebot3-Session7/ros2_ws/install/setup.bash'
[9.296s] INFO:colcon.colcon_core.shell:Creating prefix script '/home/anthonyubuntu/Desktop/inmind/session7/Anthony-Moundalak-ROS2-Assignment-Turtlebot3-Session7/ros2_ws/install/local_setup.zsh'
[9.298s] INFO:colcon.colcon_core.shell:Creating prefix chain script '/home/anthonyubuntu/Desktop/inmind/session7/Anthony-Moundalak-ROS2-Assignment-Turtlebot3-Session7/ros2_ws/install/setup.zsh'
