running egg_info
creating ../../build/turtlebot_navigation/turtlebot_navigation.egg-info
writing ../../build/turtlebot_navigation/turtlebot_navigation.egg-info/PKG-INFO
writing dependency_links to ../../build/turtlebot_navigation/turtlebot_navigation.egg-info/dependency_links.txt
writing entry points to ../../build/turtlebot_navigation/turtlebot_navigation.egg-info/entry_points.txt
writing requirements to ../../build/turtlebot_navigation/turtlebot_navigation.egg-info/requires.txt
writing top-level names to ../../build/turtlebot_navigation/turtlebot_navigation.egg-info/top_level.txt
writing manifest file '../../build/turtlebot_navigation/turtlebot_navigation.egg-info/SOURCES.txt'
reading manifest file '../../build/turtlebot_navigation/turtlebot_navigation.egg-info/SOURCES.txt'
writing manifest file '../../build/turtlebot_navigation/turtlebot_navigation.egg-info/SOURCES.txt'
running build
running build_py
creating /home/anthonyubuntu/Desktop/inmind/session7/Anthony-Moundalak-ROS2-Assignment-Turtlebot3-Session7/ros2_ws/build/turtlebot_navigation/build
creating /home/anthonyubuntu/Desktop/inmind/session7/Anthony-Moundalak-ROS2-Assignment-Turtlebot3-Session7/ros2_ws/build/turtlebot_navigation/build/lib
creating /home/anthonyubuntu/Desktop/inmind/session7/Anthony-Moundalak-ROS2-Assignment-Turtlebot3-Session7/ros2_ws/build/turtlebot_navigation/build/lib/turtlebot_navigation
copying turtlebot_navigation/__init__.py -> /home/anthonyubuntu/Desktop/inmind/session7/Anthony-Moundalak-ROS2-Assignment-Turtlebot3-Session7/ros2_ws/build/turtlebot_navigation/build/lib/turtlebot_navigation
copying turtlebot_navigation/robot_driver.py -> /home/anthonyubuntu/Desktop/inmind/session7/Anthony-Moundalak-ROS2-Assignment-Turtlebot3-Session7/ros2_ws/build/turtlebot_navigation/build/lib/turtlebot_navigation
copying turtlebot_navigation/wall_finder_service.py -> /home/anthonyubuntu/Desktop/inmind/session7/Anthony-Moundalak-ROS2-Assignment-Turtlebot3-Session7/ros2_ws/build/turtlebot_navigation/build/lib/turtlebot_navigation
copying turtlebot_navigation/lap_time_action_server.py -> /home/anthonyubuntu/Desktop/inmind/session7/Anthony-Moundalak-ROS2-Assignment-Turtlebot3-Session7/ros2_ws/build/turtlebot_navigation/build/lib/turtlebot_navigation
copying turtlebot_navigation/lap_time_action_client.py -> /home/anthonyubuntu/Desktop/inmind/session7/Anthony-Moundalak-ROS2-Assignment-Turtlebot3-Session7/ros2_ws/build/turtlebot_navigation/build/lib/turtlebot_navigation
running install
running install_lib
creating /home/anthonyubuntu/Desktop/inmind/session7/Anthony-Moundalak-ROS2-Assignment-Turtlebot3-Session7/ros2_ws/install/turtlebot_navigation/lib/python3.10/site-packages/turtlebot_navigation
copying /home/anthonyubuntu/Desktop/inmind/session7/Anthony-Moundalak-ROS2-Assignment-Turtlebot3-Session7/ros2_ws/build/turtlebot_navigation/build/lib/turtlebot_navigation/__init__.py -> /home/anthonyubuntu/Desktop/inmind/session7/Anthony-Moundalak-ROS2-Assignment-Turtlebot3-Session7/ros2_ws/install/turtlebot_navigation/lib/python3.10/site-packages/turtlebot_navigation
copying /home/anthonyubuntu/Desktop/inmind/session7/Anthony-Moundalak-ROS2-Assignment-Turtlebot3-Session7/ros2_ws/build/turtlebot_navigation/build/lib/turtlebot_navigation/robot_driver.py -> /home/anthonyubuntu/Desktop/inmind/session7/Anthony-Moundalak-ROS2-Assignment-Turtlebot3-Session7/ros2_ws/install/turtlebot_navigation/lib/python3.10/site-packages/turtlebot_navigation
copying /home/anthonyubuntu/Desktop/inmind/session7/Anthony-Moundalak-ROS2-Assignment-Turtlebot3-Session7/ros2_ws/build/turtlebot_navigation/build/lib/turtlebot_navigation/wall_finder_service.py -> /home/anthonyubuntu/Desktop/inmind/session7/Anthony-Moundalak-ROS2-Assignment-Turtlebot3-Session7/ros2_ws/install/turtlebot_navigation/lib/python3.10/site-packages/turtlebot_navigation
copying /home/anthonyubuntu/Desktop/inmind/session7/Anthony-Moundalak-ROS2-Assignment-Turtlebot3-Session7/ros2_ws/build/turtlebot_navigation/build/lib/turtlebot_navigation/lap_time_action_server.py -> /home/anthonyubuntu/Desktop/inmind/session7/Anthony-Moundalak-ROS2-Assignment-Turtlebot3-Session7/ros2_ws/install/turtlebot_navigation/lib/python3.10/site-packages/turtlebot_navigation
copying /home/anthonyubuntu/Desktop/inmind/session7/Anthony-Moundalak-ROS2-Assignment-Turtlebot3-Session7/ros2_ws/build/turtlebot_navigation/build/lib/turtlebot_navigation/lap_time_action_client.py -> /home/anthonyubuntu/Desktop/inmind/session7/Anthony-Moundalak-ROS2-Assignment-Turtlebot3-Session7/ros2_ws/install/turtlebot_navigation/lib/python3.10/site-packages/turtlebot_navigation
byte-compiling /home/anthonyubuntu/Desktop/inmind/session7/Anthony-Moundalak-ROS2-Assignment-Turtlebot3-Session7/ros2_ws/install/turtlebot_navigation/lib/python3.10/site-packages/turtlebot_navigation/__init__.py to __init__.cpython-310.pyc
byte-compiling /home/anthonyubuntu/Desktop/inmind/session7/Anthony-Moundalak-ROS2-Assignment-Turtlebot3-Session7/ros2_ws/install/turtlebot_navigation/lib/python3.10/site-packages/turtlebot_navigation/robot_driver.py to robot_driver.cpython-310.pyc
byte-compiling /home/anthonyubuntu/Desktop/inmind/session7/Anthony-Moundalak-ROS2-Assignment-Turtlebot3-Session7/ros2_ws/install/turtlebot_navigation/lib/python3.10/site-packages/turtlebot_navigation/wall_finder_service.py to wall_finder_service.cpython-310.pyc
byte-compiling /home/anthonyubuntu/Desktop/inmind/session7/Anthony-Moundalak-ROS2-Assignment-Turtlebot3-Session7/ros2_ws/install/turtlebot_navigation/lib/python3.10/site-packages/turtlebot_navigation/lap_time_action_server.py to lap_time_action_server.cpython-310.pyc
byte-compiling /home/anthonyubuntu/Desktop/inmind/session7/Anthony-Moundalak-ROS2-Assignment-Turtlebot3-Session7/ros2_ws/install/turtlebot_navigation/lib/python3.10/site-packages/turtlebot_navigation/lap_time_action_client.py to lap_time_action_client.cpython-310.pyc
running install_data
creating /home/anthonyubuntu/Desktop/inmind/session7/Anthony-Moundalak-ROS2-Assignment-Turtlebot3-Session7/ros2_ws/install/turtlebot_navigation/share/ament_index
creating /home/anthonyubuntu/Desktop/inmind/session7/Anthony-Moundalak-ROS2-Assignment-Turtlebot3-Session7/ros2_ws/install/turtlebot_navigation/share/ament_index/resource_index
creating /home/anthonyubuntu/Desktop/inmind/session7/Anthony-Moundalak-ROS2-Assignment-Turtlebot3-Session7/ros2_ws/install/turtlebot_navigation/share/ament_index/resource_index/packages
copying resource/turtlebot_navigation -> /home/anthonyubuntu/Desktop/inmind/session7/Anthony-Moundalak-ROS2-Assignment-Turtlebot3-Session7/ros2_ws/install/turtlebot_navigation/share/ament_index/resource_index/packages
copying package.xml -> /home/anthonyubuntu/Desktop/inmind/session7/Anthony-Moundalak-ROS2-Assignment-Turtlebot3-Session7/ros2_ws/install/turtlebot_navigation/share/turtlebot_navigation
creating /home/anthonyubuntu/Desktop/inmind/session7/Anthony-Moundalak-ROS2-Assignment-Turtlebot3-Session7/ros2_ws/install/turtlebot_navigation/share/turtlebot_navigation/launch
copying launch/my_robot_launch.py -> /home/anthonyubuntu/Desktop/inmind/session7/Anthony-Moundalak-ROS2-Assignment-Turtlebot3-Session7/ros2_ws/install/turtlebot_navigation/share/turtlebot_navigation/launch
running install_egg_info
Copying ../../build/turtlebot_navigation/turtlebot_navigation.egg-info to /home/anthonyubuntu/Desktop/inmind/session7/Anthony-Moundalak-ROS2-Assignment-Turtlebot3-Session7/ros2_ws/install/turtlebot_navigation/lib/python3.10/site-packages/turtlebot_navigation-0.0.0-py3.10.egg-info
running install_scripts
Installing lap_time_action_client script to /home/anthonyubuntu/Desktop/inmind/session7/Anthony-Moundalak-ROS2-Assignment-Turtlebot3-Session7/ros2_ws/install/turtlebot_navigation/lib/turtlebot_navigation
Installing lap_time_action_server script to /home/anthonyubuntu/Desktop/inmind/session7/Anthony-Moundalak-ROS2-Assignment-Turtlebot3-Session7/ros2_ws/install/turtlebot_navigation/lib/turtlebot_navigation
Installing robot_driver script to /home/anthonyubuntu/Desktop/inmind/session7/Anthony-Moundalak-ROS2-Assignment-Turtlebot3-Session7/ros2_ws/install/turtlebot_navigation/lib/turtlebot_navigation
Installing wall_finder_service script to /home/anthonyubuntu/Desktop/inmind/session7/Anthony-Moundalak-ROS2-Assignment-Turtlebot3-Session7/ros2_ws/install/turtlebot_navigation/lib/turtlebot_navigation
writing list of installed files to '/home/anthonyubuntu/Desktop/inmind/session7/Anthony-Moundalak-ROS2-Assignment-Turtlebot3-Session7/ros2_ws/build/turtlebot_navigation/install.log'
