[1.767s] Invoking command in '/home/anthonyubuntu/Desktop/inmind/session7/Anthony-Moundalak-ROS2-Assignment-Turtlebot3-Session7/ros2_ws/src/turtlebot_navigation': AMENT_PREFIX_PATH=/home/anthonyubuntu/Desktop/inmind/session7/Anthony-Moundalak-ROS2-Assignment-Turtlebot3-Session7/ros2_ws/install/my_interface:${AMENT_PREFIX_PATH} CMAKE_PREFIX_PATH=/home/anthonyubuntu/Desktop/inmind/session7/Anthony-Moundalak-ROS2-Assignment-Turtlebot3-Session7/ros2_ws/install/my_interface LD_LIBRARY_PATH=/home/anthonyubuntu/Desktop/inmind/session7/Anthony-Moundalak-ROS2-Assignment-Turtlebot3-Session7/ros2_ws/install/my_interface/lib:${LD_LIBRARY_PATH} PYTHONPATH=/home/anthonyubuntu/Desktop/inmind/session7/Anthony-Moundalak-ROS2-Assignment-Turtlebot3-Session7/ros2_ws/build/turtlebot_navigation/prefix_override:/usr/lib/python3/dist-packages/colcon_core/task/python/colcon_distutils_commands:/home/anthonyubuntu/Desktop/inmind/session7/Anthony-Moundalak-ROS2-Assignment-Turtlebot3-Session7/ros2_ws/install/turtlebot_navigation/lib/python3.10/site-packages:/home/anthonyubuntu/Desktop/inmind/session7/Anthony-Moundalak-ROS2-Assignment-Turtlebot3-Session7/ros2_ws/install/my_interface/local/lib/python3.10/dist-packages:${PYTHONPATH} /usr/bin/python3 -W ignore:setup.py install is deprecated setup.py egg_info --egg-base ../../build/turtlebot_navigation build --build-base /home/anthonyubuntu/Desktop/inmind/session7/Anthony-Moundalak-ROS2-Assignment-Turtlebot3-Session7/ros2_ws/build/turtlebot_navigation/build install --record /home/anthonyubuntu/Desktop/inmind/session7/Anthony-Moundalak-ROS2-Assignment-Turtlebot3-Session7/ros2_ws/build/turtlebot_navigation/install.log --single-version-externally-managed install_data
[2.048s] running egg_info
[2.049s] creating ../../build/turtlebot_navigation/turtlebot_navigation.egg-info
[2.049s] writing ../../build/turtlebot_navigation/turtlebot_navigation.egg-info/PKG-INFO
[2.050s] writing dependency_links to ../../build/turtlebot_navigation/turtlebot_navigation.egg-info/dependency_links.txt
[2.050s] writing entry points to ../../build/turtlebot_navigation/turtlebot_navigation.egg-info/entry_points.txt
[2.050s] writing requirements to ../../build/turtlebot_navigation/turtlebot_navigation.egg-info/requires.txt
[2.050s] writing top-level names to ../../build/turtlebot_navigation/turtlebot_navigation.egg-info/top_level.txt
[2.050s] writing manifest file '../../build/turtlebot_navigation/turtlebot_navigation.egg-info/SOURCES.txt'
[2.052s] reading manifest file '../../build/turtlebot_navigation/turtlebot_navigation.egg-info/SOURCES.txt'
[2.053s] writing manifest file '../../build/turtlebot_navigation/turtlebot_navigation.egg-info/SOURCES.txt'
[2.054s] running build
[2.054s] running build_py
[2.054s] creating /home/anthonyubuntu/Desktop/inmind/session7/Anthony-Moundalak-ROS2-Assignment-Turtlebot3-Session7/ros2_ws/build/turtlebot_navigation/build
[2.054s] creating /home/anthonyubuntu/Desktop/inmind/session7/Anthony-Moundalak-ROS2-Assignment-Turtlebot3-Session7/ros2_ws/build/turtlebot_navigation/build/lib
[2.054s] creating /home/anthonyubuntu/Desktop/inmind/session7/Anthony-Moundalak-ROS2-Assignment-Turtlebot3-Session7/ros2_ws/build/turtlebot_navigation/build/lib/turtlebot_navigation
[2.055s] copying turtlebot_navigation/__init__.py -> /home/anthonyubuntu/Desktop/inmind/session7/Anthony-Moundalak-ROS2-Assignment-Turtlebot3-Session7/ros2_ws/build/turtlebot_navigation/build/lib/turtlebot_navigation
[2.055s] copying turtlebot_navigation/robot_driver.py -> /home/anthonyubuntu/Desktop/inmind/session7/Anthony-Moundalak-ROS2-Assignment-Turtlebot3-Session7/ros2_ws/build/turtlebot_navigation/build/lib/turtlebot_navigation
[2.055s] copying turtlebot_navigation/wall_finder_service.py -> /home/anthonyubuntu/Desktop/inmind/session7/Anthony-Moundalak-ROS2-Assignment-Turtlebot3-Session7/ros2_ws/build/turtlebot_navigation/build/lib/turtlebot_navigation
[2.055s] copying turtlebot_navigation/lap_time_action_server.py -> /home/anthonyubuntu/Desktop/inmind/session7/Anthony-Moundalak-ROS2-Assignment-Turtlebot3-Session7/ros2_ws/build/turtlebot_navigation/build/lib/turtlebot_navigation
[2.055s] copying turtlebot_navigation/lap_time_action_client.py -> /home/anthonyubuntu/Desktop/inmind/session7/Anthony-Moundalak-ROS2-Assignment-Turtlebot3-Session7/ros2_ws/build/turtlebot_navigation/build/lib/turtlebot_navigation
[2.055s] running install
[2.056s] running install_lib
[2.056s] creating /home/anthonyubuntu/Desktop/inmind/session7/Anthony-Moundalak-ROS2-Assignment-Turtlebot3-Session7/ros2_ws/install/turtlebot_navigation/lib/python3.10/site-packages/turtlebot_navigation
[2.057s] copying /home/anthonyubuntu/Desktop/inmind/session7/Anthony-Moundalak-ROS2-Assignment-Turtlebot3-Session7/ros2_ws/build/turtlebot_navigation/build/lib/turtlebot_navigation/__init__.py -> /home/anthonyubuntu/Desktop/inmind/session7/Anthony-Moundalak-ROS2-Assignment-Turtlebot3-Session7/ros2_ws/install/turtlebot_navigation/lib/python3.10/site-packages/turtlebot_navigation
[2.057s] copying /home/anthonyubuntu/Desktop/inmind/session7/Anthony-Moundalak-ROS2-Assignment-Turtlebot3-Session7/ros2_ws/build/turtlebot_navigation/build/lib/turtlebot_navigation/robot_driver.py -> /home/anthonyubuntu/Desktop/inmind/session7/Anthony-Moundalak-ROS2-Assignment-Turtlebot3-Session7/ros2_ws/install/turtlebot_navigation/lib/python3.10/site-packages/turtlebot_navigation
[2.057s] copying /home/anthonyubuntu/Desktop/inmind/session7/Anthony-Moundalak-ROS2-Assignment-Turtlebot3-Session7/ros2_ws/build/turtlebot_navigation/build/lib/turtlebot_navigation/wall_finder_service.py -> /home/anthonyubuntu/Desktop/inmind/session7/Anthony-Moundalak-ROS2-Assignment-Turtlebot3-Session7/ros2_ws/install/turtlebot_navigation/lib/python3.10/site-packages/turtlebot_navigation
[2.057s] copying /home/anthonyubuntu/Desktop/inmind/session7/Anthony-Moundalak-ROS2-Assignment-Turtlebot3-Session7/ros2_ws/build/turtlebot_navigation/build/lib/turtlebot_navigation/lap_time_action_server.py -> /home/anthonyubuntu/Desktop/inmind/session7/Anthony-Moundalak-ROS2-Assignment-Turtlebot3-Session7/ros2_ws/install/turtlebot_navigation/lib/python3.10/site-packages/turtlebot_navigation
[2.057s] copying /home/anthonyubuntu/Desktop/inmind/session7/Anthony-Moundalak-ROS2-Assignment-Turtlebot3-Session7/ros2_ws/build/turtlebot_navigation/build/lib/turtlebot_navigation/lap_time_action_client.py -> /home/anthonyubuntu/Desktop/inmind/session7/Anthony-Moundalak-ROS2-Assignment-Turtlebot3-Session7/ros2_ws/install/turtlebot_navigation/lib/python3.10/site-packages/turtlebot_navigation
[2.058s] byte-compiling /home/anthonyubuntu/Desktop/inmind/session7/Anthony-Moundalak-ROS2-Assignment-Turtlebot3-Session7/ros2_ws/install/turtlebot_navigation/lib/python3.10/site-packages/turtlebot_navigation/__init__.py to __init__.cpython-310.pyc
[2.058s] byte-compiling /home/anthonyubuntu/Desktop/inmind/session7/Anthony-Moundalak-ROS2-Assignment-Turtlebot3-Session7/ros2_ws/install/turtlebot_navigation/lib/python3.10/site-packages/turtlebot_navigation/robot_driver.py to robot_driver.cpython-310.pyc
[2.059s] byte-compiling /home/anthonyubuntu/Desktop/inmind/session7/Anthony-Moundalak-ROS2-Assignment-Turtlebot3-Session7/ros2_ws/install/turtlebot_navigation/lib/python3.10/site-packages/turtlebot_navigation/wall_finder_service.py to wall_finder_service.cpython-310.pyc
[2.059s] byte-compiling /home/anthonyubuntu/Desktop/inmind/session7/Anthony-Moundalak-ROS2-Assignment-Turtlebot3-Session7/ros2_ws/install/turtlebot_navigation/lib/python3.10/site-packages/turtlebot_navigation/lap_time_action_server.py to lap_time_action_server.cpython-310.pyc
[2.060s] byte-compiling /home/anthonyubuntu/Desktop/inmind/session7/Anthony-Moundalak-ROS2-Assignment-Turtlebot3-Session7/ros2_ws/install/turtlebot_navigation/lib/python3.10/site-packages/turtlebot_navigation/lap_time_action_client.py to lap_time_action_client.cpython-310.pyc
[2.061s] running install_data
[2.061s] creating /home/anthonyubuntu/Desktop/inmind/session7/Anthony-Moundalak-ROS2-Assignment-Turtlebot3-Session7/ros2_ws/install/turtlebot_navigation/share/ament_index
[2.061s] creating /home/anthonyubuntu/Desktop/inmind/session7/Anthony-Moundalak-ROS2-Assignment-Turtlebot3-Session7/ros2_ws/install/turtlebot_navigation/share/ament_index/resource_index
[2.061s] creating /home/anthonyubuntu/Desktop/inmind/session7/Anthony-Moundalak-ROS2-Assignment-Turtlebot3-Session7/ros2_ws/install/turtlebot_navigation/share/ament_index/resource_index/packages
[2.062s] copying resource/turtlebot_navigation -> /home/anthonyubuntu/Desktop/inmind/session7/Anthony-Moundalak-ROS2-Assignment-Turtlebot3-Session7/ros2_ws/install/turtlebot_navigation/share/ament_index/resource_index/packages
[2.062s] copying package.xml -> /home/anthonyubuntu/Desktop/inmind/session7/Anthony-Moundalak-ROS2-Assignment-Turtlebot3-Session7/ros2_ws/install/turtlebot_navigation/share/turtlebot_navigation
[2.062s] creating /home/anthonyubuntu/Desktop/inmind/session7/Anthony-Moundalak-ROS2-Assignment-Turtlebot3-Session7/ros2_ws/install/turtlebot_navigation/share/turtlebot_navigation/launch
[2.062s] copying launch/my_robot_launch.py -> /home/anthonyubuntu/Desktop/inmind/session7/Anthony-Moundalak-ROS2-Assignment-Turtlebot3-Session7/ros2_ws/install/turtlebot_navigation/share/turtlebot_navigation/launch
[2.062s] running install_egg_info
[2.065s] Copying ../../build/turtlebot_navigation/turtlebot_navigation.egg-info to /home/anthonyubuntu/Desktop/inmind/session7/Anthony-Moundalak-ROS2-Assignment-Turtlebot3-Session7/ros2_ws/install/turtlebot_navigation/lib/python3.10/site-packages/turtlebot_navigation-0.0.0-py3.10.egg-info
[2.065s] running install_scripts
[2.088s] Installing lap_time_action_client script to /home/anthonyubuntu/Desktop/inmind/session7/Anthony-Moundalak-ROS2-Assignment-Turtlebot3-Session7/ros2_ws/install/turtlebot_navigation/lib/turtlebot_navigation
[2.088s] Installing lap_time_action_server script to /home/anthonyubuntu/Desktop/inmind/session7/Anthony-Moundalak-ROS2-Assignment-Turtlebot3-Session7/ros2_ws/install/turtlebot_navigation/lib/turtlebot_navigation
[2.088s] Installing robot_driver script to /home/anthonyubuntu/Desktop/inmind/session7/Anthony-Moundalak-ROS2-Assignment-Turtlebot3-Session7/ros2_ws/install/turtlebot_navigation/lib/turtlebot_navigation
[2.088s] Installing wall_finder_service script to /home/anthonyubuntu/Desktop/inmind/session7/Anthony-Moundalak-ROS2-Assignment-Turtlebot3-Session7/ros2_ws/install/turtlebot_navigation/lib/turtlebot_navigation
[2.088s] writing list of installed files to '/home/anthonyubuntu/Desktop/inmind/session7/Anthony-Moundalak-ROS2-Assignment-Turtlebot3-Session7/ros2_ws/build/turtlebot_navigation/install.log'
[2.117s] Invoked command in '/home/anthonyubuntu/Desktop/inmind/session7/Anthony-Moundalak-ROS2-Assignment-Turtlebot3-Session7/ros2_ws/src/turtlebot_navigation' returned '0': AMENT_PREFIX_PATH=/home/anthonyubuntu/Desktop/inmind/session7/Anthony-Moundalak-ROS2-Assignment-Turtlebot3-Session7/ros2_ws/install/my_interface:${AMENT_PREFIX_PATH} CMAKE_PREFIX_PATH=/home/anthonyubuntu/Desktop/inmind/session7/Anthony-Moundalak-ROS2-Assignment-Turtlebot3-Session7/ros2_ws/install/my_interface LD_LIBRARY_PATH=/home/anthonyubuntu/Desktop/inmind/session7/Anthony-Moundalak-ROS2-Assignment-Turtlebot3-Session7/ros2_ws/install/my_interface/lib:${LD_LIBRARY_PATH} PYTHONPATH=/home/anthonyubuntu/Desktop/inmind/session7/Anthony-Moundalak-ROS2-Assignment-Turtlebot3-Session7/ros2_ws/build/turtlebot_navigation/prefix_override:/usr/lib/python3/dist-packages/colcon_core/task/python/colcon_distutils_commands:/home/anthonyubuntu/Desktop/inmind/session7/Anthony-Moundalak-ROS2-Assignment-Turtlebot3-Session7/ros2_ws/install/turtlebot_navigation/lib/python3.10/site-packages:/home/anthonyubuntu/Desktop/inmind/session7/Anthony-Moundalak-ROS2-Assignment-Turtlebot3-Session7/ros2_ws/install/my_interface/local/lib/python3.10/dist-packages:${PYTHONPATH} /usr/bin/python3 -W ignore:setup.py install is deprecated setup.py egg_info --egg-base ../../build/turtlebot_navigation build --build-base /home/anthonyubuntu/Desktop/inmind/session7/Anthony-Moundalak-ROS2-Assignment-Turtlebot3-Session7/ros2_ws/build/turtlebot_navigation/build install --record /home/anthonyubuntu/Desktop/inmind/session7/Anthony-Moundalak-ROS2-Assignment-Turtlebot3-Session7/ros2_ws/build/turtlebot_navigation/install.log --single-version-externally-managed install_data
